FLRDF153A>APRS,qAS,RHST:/154006h4858.10N\00820.89E^301/050/A=001145 !W71! id22DF153A +119fpm +1.8rot 17.2dB 0e -2.0kHz gps2x2\r\n
FLRDF153A>APRS,qAS,RHST:/154007h4858.11N\00820.87E^307/050/A=001148 !W63! id22DF153A +198fpm +2.2rot 20.0dB 0e -2.0kHz gps2x2\r\n
FLRDF153A>APRS,qAS,RHST:/154008h4858.12N\00820.85E^315/050/A=001151 !W68! id22DF153A +158fpm +2.3rot 18.2dB 0e -2.0kHz gps2x2\r\n
FLRDF153A>APRS,qAS,RHST:/154009h4858.13N\00820.84E^323/050/A=001151 !W72! id22DF153A -019fpm +3.1rot 21.0dB 0e -2.0kHz gps2x2\r\n
FLRDF153A>APRS,qAS,RHST:/154010h4858.15N\00820.83E^331/052/A=001151 !W13! id22DF153A -177fpm +3.4rot 23.0dB 0e -2.0kHz gps2x2\r\n
FLRDF153A>APRS,qAS,RHST:/154011h4858.16N\00820.82E^340/053/A=001148 !W56! id22DF153A -217fpm +2.8rot 23.8dB 0e -2.0kHz gps2x2\r\n
FLRDF153A>APRS,qAS,RHST:/154014h4858.21N\00820.81E^357/057/A=001132 !W39! id22DF153A -336fpm +1.4rot 18.5dB 0e -2.0kHz gps2x2\r\n
FLRDF153A>APRS,qAS,RHST:/154016h4858.24N\00820.82E^005/059/A=001118 !W61! id22DF153A -395fpm +1.6rot 18.8dB 0e -2.0kHz gps2x2\r\n
FLRDF153A>APRS,qAS,RHST:/154017h4858.26N\00820.82E^009/061/A=001118 !W26! id22DF153A -395fpm +2.3rot 21.5dB 0e -2.1kHz gps2x2\r\n
FLRDF153A>APRS,qAS,RHST:/154020h4858.31N\00820.85E^018/060/A=001115 !W11! id22DF153A +079fpm +0.1rot 6.8dB 0e -2.1kHz gps2x2\r\n
FLRDF153A>APRS,qAS,RHST:/154025h4858.39N\00820.89E^019/060/A=001109 !W16! id22DF153A -474fpm +0.4rot 22.8dB 0e -2.1kHz gps2x2\r\n
FLRDF153A>APRS,qAS,RHST:/154030h4858.47N\00820.94E^021/061/A=001082 !W22! id22DF153A -197fpm -0.1rot 20.5dB 0e -2.2kHz gps2x2\r\n
FLRDF153A>APRS,qAS,RHST:/154032h4858.50N\00820.96E^022/061/A=001069 !W31! id22DF153A -316fpm +0.3rot 15.2dB 0e -2.2kHz gps2x2\r\n
FLRDF153A>APRS,qAS,RHST:/154035h4858.55N\00820.99E^022/061/A=001053 !W12! id22DF153A -355fpm +0.3rot 22.8dB 0e -2.2kHz gps2x2\r\n
FLRDF153A>APRS,qAS,RHST:/154037h4858.58N\00821.01E^024/062/A=001040 !W32! id22DF153A -316fpm -0.1rot 15.0dB 0e -2.2kHz gps2x2\r\n
FLRDF153A>APRS,qAS,RHST:/154043h4858.67N\00821.07E^022/061/A=001023 !W87! id22DF153A -197fpm -0.2rot 11.8dB 0e -2.2kHz gps2x2\r\n
FLRDF153A>APRS,qAS,RHST:/154045h4858.71N\00821.09E^023/061/A=001010 !W06! id22DF153A -237fpm -0.1rot 6.5dB 1e -2.1kHz gps1x2\r\n
FLRDF153A>APRS,qAS,RHST:/154049h4858.77N\00821.13E^018/060/A=000991 !W45! id22DF153A -435fpm -0.5rot 19.2dB 0e -2.2kHz gps2x2\r\n
FLRDF153A>APRS,qAS,RHST:/154050h4858.79N\00821.14E^016/060/A=000984 !W03! id22DF153A -276fpm -1.2rot 24.8dB 0e -2.2kHz gps2x2\r\n
FLRDF153A>APRS,qAS,RHST:/154051h4858.80N\00821.14E^012/058/A=000981 !W78! id22DF153A -316fpm -2.3rot 24.2dB 0e -2.1kHz gps2x2\r\n
FLRDF153A>APRS,qAS,RHST:/154052h4858.82N\00821.15E^004/057/A=000977 !W30! id22DF153A -395fpm -2.6rot 21.5dB 0e -2.2kHz gps2x2\r\n
FLRDF153A>APRS,qAS,RHST:/154053h4858.84N\00821.14E^356/056/A=000964 !W08! id22DF153A -573fpm -2.9rot 22.0dB 0e -2.1kHz gps2x2\r\n
FLRDF153A>APRS,qAS,RHST:/154054h4858.85N\00821.14E^346/054/A=000958 !W63! id22DF153A -454fpm -3.0rot 22.8dB 0e -2.1kHz gps2x2\r\n
FLRDF153A>APRS,qAS,RHST:/154055h4858.86N\00821.13E^339/054/A=000951 !W94! id22DF153A -316fpm -2.1rot 22.8dB 0e -2.1kHz gps2x2\r\n
FLRDF153A>APRS,qAS,RHST:/154100h4858.93N\00821.07E^323/050/A=000941 !W13! id22DF153A +040fpm -0.5rot 15.5dB 0e -2.2kHz gps2x2\r\n
FLRDF153A>APRS,qAS,RHST:/154104h4858.97N\00821.01E^318/049/A=000932 !W49! id22DF153A -316fpm -0.4rot 18.2dB 0e -2.2kHz gps2x2 -4.2dBm\r\n
FLRDF153A>APRS,qAS,RHST:/154111h4859.03N\00820.91E^310/042/A=000915 !W95! id22DF153A -217fpm -0.2rot 20.8dB 0e -2.1kHz gps1x2\r\n
FLRDF153A>APRS,qAS,RHST:/154113h4859.05N\00820.88E^308/040/A=000899 !W48! id22DF153A -672fpm -0.7rot 23.8dB 0e -2.1kHz gps1x2\r\n
FLRDF153A>APRS,qAS,RHST:/154115h4859.06N\00820.86E^300/040/A=000869 !W80! id22DF153A -1246fpm -1.5rot 22.0dB 0e -2.1kHz gps2x2\r\n
FLRDF153A>APRS,qAS,RHST:/154117h4859.07N\00820.82E^291/043/A=000820 !W77! id22DF153A -1563fpm -1.7rot 13.2dB 0e -2.1kHz gps2x2\r\n
FLRDF153A>APRS,qAS,RHST:/154118h4859.08N\00820.80E^284/044/A=000794 !W17! id22DF153A -1484fpm -3.3rot 14.5dB 0e -2.1kHz gps2x2\r\n
FLRDF153A>APRS,qAS,RHST:/154119h4859.08N\00820.78E^275/045/A=000771 !W18! id22DF153A -1405fpm -3.5rot 19.2dB 0e -2.1kHz gps2x2\r\n
FLRDF153A>APRS,qAS,RHST:/154120h4859.08N\00820.76E^261/044/A=000748 !W07! id22DF153A -1227fpm -4.4rot 22.8dB 0e -2.1kHz gps2x2\r\n
FLRDF153A>APRS,qAS,RHST:/154121h4859.07N\00820.74E^248/044/A=000728 !W58! id22DF153A -1167fpm -4.0rot 20.0dB 0e -2.1kHz gps2x2\r\n
FLRDF153A>APRS,qAS,RHST:/154122h4859.06N\00820.73E^240/046/A=000708 !W73! id22DF153A -1306fpm -1.8rot 23.5dB 0e -2.1kHz gps2x2\r\n
FLRDF153A>APRS,qAS,RHST:/154123h4859.06N\00820.71E^233/046/A=000686 !W06! id22DF153A -1464fpm -2.7rot 22.0dB 0e -2.0kHz gps2x2\r\n
FLRDF153A>APRS,qAS,RHST:/154125h4859.03N\00820.68E^215/049/A=000633 !W79! id22DF153A -1484fpm -3.6rot 14.2dB 0e -2.0kHz gps2x2\r\n
FLRDF153A>APRS,qAS,RHST:/154126h4859.02N\00820.68E^206/051/A=000607 !W40! id22DF153A -1642fpm -2.9rot 20.0dB 0e -2.0kHz gps2x2\r\n
FLRDF153A>APRS,qAS,RHST:/154130h4858.96N\00820.65E^193/056/A=000505 !W49! id22DF153A -1068fpm +0.2rot 18.0dB 0e -2.0kHz gps2x2\r\n
FLRDF153A>APRS,qAS,RHST:/154133h4858.92N\00820.64E^194/052/A=000462 !W01! id22DF153A -633fpm -0.1rot 20.8dB 0e -2.1kHz gps2x2\r\n
FLRDF153A>APRS,qAS,RHST:/154135h4858.89N\00820.63E^194/049/A=000436 !W21! id22DF153A -811fpm +0.2rot 27.2dB 0e -2.1kHz gps2x3\r\n
FLRDF153A>APRS,qAS,RHST:/154142h4858.80N\00820.59E^195/041/A=000371 !W32! id22DF153A -019fpm -0.3rot 8.2dB 0e -2.1kHz gps2x3\r\n
FLRDF153A>APRS,qAS,RHST:/154147h4858.75N\00820.57E^196/033/A=000367 !W31! id22DF153A -039fpm +0.0rot 7.5dB 0e -2.1kHz gps2x3\r\n
FLRDF153A>APRS,qAS,RHST:/154151h4858.71N\00820.55E^196/043/A=000371 !W33! id22DF153A +218fpm -0.1rot 21.2dB 0e -2.1kHz gps2x3\r\n
FLRDF153A>APRS,qAS,RHST:/154153h4858.68N\00820.54E^195/046/A=000384 !W83! id22DF153A +554fpm +0.0rot 34.0dB 0e -2.1kHz gps2x3\r\n
FLRDF153A>APRS,qAS,RHST:/154154h4858.67N\00820.53E^196/046/A=000394 !W67! id22DF153A +752fpm +0.5rot 29.5dB 0e -2.1kHz gps2x3\r\n
FLRDF153A>APRS,qAS,RHST:/154155h4858.66N\00820.53E^197/043/A=000413 !W41! id22DF153A +1366fpm +0.8rot 24.0dB 0e -2.1kHz gps2x3\r\n
FLRDF153A>APRS,qAS,RHST:/154156h4858.65N\00820.52E^197/039/A=000440 !W34! id22DF153A +1663fpm -0.5rot 24.2dB 0e -2.1kHz gps2x3\r\n
FLRDF153A>APRS,qAS,RHST:/154157h4858.64N\00820.52E^198/035/A=000469 !W31! id22DF153A +1861fpm +0.5rot 28.2dB 0e -2.1kHz gps2x3\r\n
FLRDF153A>APRS,qAS,RHST:/154158h4858.63N\00820.51E^199/031/A=000502 !W46! id22DF153A +1762fpm -0.1rot 23.5dB 0e -2.1kHz gps2x3\r\n
FLRDF153A>APRS,qAS,RHST:/154159h4858.62N\00820.51E^200/029/A=000528 !W61! id22DF153A +1564fpm +0.1rot 26.8dB 0e -2.1kHz gps2x3\r\n
FLRDF153A>APRS,qAS,RHST:/154200h4858.61N\00820.50E^200/028/A=000551 !W97! id22DF153A +1109fpm +0.2rot 19.0dB 0e -2.1kHz gps2x3\r\n
FLRDF153A>APRS,qAS,RHST:/154202h4858.60N\00820.49E^200/030/A=000581 !W39! id22DF153A +594fpm +0.0rot 22.2dB 0e -2.1kHz gps2x3\r\n
FLRDF153A>APRS,qAS,RHST:/154203h4858.59N\00820.49E^202/031/A=000590 !W54! id22DF153A +495fpm +2.0rot 20.5dB 0e -2.1kHz gps2x3\r\n
FLRDF153A>APRS,qAS,RHST:/154204h4858.58N\00820.48E^212/032/A=000600 !W78! id22DF153A +436fpm +3.0rot 26.8dB 0e -2.1kHz gps2x3\r\n
FLRDF153A>APRS,qAS,RHST:/154205h4858.58N\00820.47E^218/032/A=000607 !W08! id22DF153A +634fpm +2.1rot 18.5dB 0e -2.1kHz gps2x3\r\n
FLRDF153A>APRS,qAS,RHST:/154207h4858.56N\00820.45E^228/033/A=000636 !W78! id22DF153A +990fpm +1.4rot 24.5dB 0e -2.1kHz gps2x3\r\n
FLRDF153A>APRS,qAS,RHST:/154208h4858.56N\00820.44E^231/031/A=000653 !W17! id22DF153A +1089fpm +1.6rot 24.8dB 0e -2.1kHz gps2x3\r\n
FLRDF153A>APRS,qAS,RHST:/154209h4858.55N\00820.43E^236/029/A=000672 !W76! id22DF153A +1247fpm +0.4rot 25.8dB 0e -2.2kHz gps2x3\r\n
FLRDF153A>APRS,qAS,RHST:/154210h4858.55N\00820.42E^236/028/A=000692 !W26! id22DF153A +1148fpm +0.2rot 26.8dB 0e -2.2kHz gps2x3\r\n
FLRDF153A>APRS,qAS,RHST:/154213h4858.53N\00820.39E^234/028/A=000735 !W96! id22DF153A +634fpm -0.5rot 24.0dB 0e -2.1kHz gps2x3\r\n
FLRDF153A>APRS,qAS,RHST:/154217h4858.51N\00820.35E^234/030/A=000781 !W85! id22DF153A +851fpm +0.5rot 28.5dB 0e -2.2kHz gps2x3\r\n
FLRDF153A>APRS,qAS,RHST:/154223h4858.48N\00820.29E^232/031/A=000856 !W84! id22DF153A +634fpm +0.1rot 29.2dB 0e -2.2kHz gps2x3\r\n
FLRDF153A>APRS,qAS,RHST:/154226h4858.47N\00820.26E^235/032/A=000895 !W20! id22DF153A +871fpm +0.3rot 27.5dB 0e -2.2kHz gps2x3\r\n
FLRDF153A>APRS,qAS,RHST:/154228h4858.46N\00820.23E^239/030/A=000925 !W28! id22DF153A +970fpm +0.4rot 29.5dB 0e -2.2kHz gps2x3\r\n
FLRDF153A>APRS,qAS,RHST:/154229h4858.45N\00820.22E^238/029/A=000941 !W87! id22DF153A +1030fpm +0.7rot 25.0dB 0e -2.2kHz gps2x3\r\n
FLRDF153A>APRS,qAS,RHST:/154230h4858.45N\00820.21E^240/028/A=000958 !W46! id22DF153A +1069fpm -0.2rot 26.2dB 0e -2.2kHz gps2x2\r\n
FLRDF153A>APRS,qAS,RHST:/154234h4858.43N\00820.17E^240/028/A=001014 !W85! id22DF153A +634fpm -0.9rot 26.2dB 0e -2.2kHz gps2x2\r\n
FLRDF153A>APRS,qAS,RHST:/154239h4858.40N\00820.12E^219/030/A=001073 !W97! id22DF153A +891fpm -0.9rot 20.0dB 0e -2.2kHz gps2x2\r\n
FLRDF153A>APRS,qAS,RHST:/154243h4858.38N\00820.09E^223/029/A=001128 !W54! id22DF153A +752fpm -1.5rot 29.2dB 0e -2.2kHz gps2x2\r\n
FLRDF153A>APRS,qAS,RHST:/154245h4858.37N\00820.07E^208/030/A=001151 !W09! id22DF153A +574fpm -3.7rot 27.8dB 0e -2.2kHz gps2x2\r\n
FLRDF153A>APRS,qAS,RHST:/154246h4858.36N\00820.07E^198/033/A=001158 !W16! id22DF153A +554fpm -3.1rot 31.2dB 0e -2.2kHz gps2x2\r\n
FLRDF153A>APRS,qAS,RHST:/154247h4858.35N\00820.07E^189/034/A=001168 !W13! id22DF153A +594fpm -2.2rot 29.5dB 0e -2.2kHz gps2x2\r\n
FLRDF153A>APRS,qAS,RHST:/154250h4858.32N\00820.07E^173/035/A=001204 !W17! id22DF153A +832fpm -1.0rot 27.2dB 0e -2.2kHz gps2x2\r\n
FLRDF153A>APRS,qAS,RHST:/154254h4858.28N\00820.09E^158/037/A=001260 !W17! id22DF153A +990fpm -1.3rot 19.8dB 0e -2.2kHz gps1x2\r\n
FLRDF153A>APRS,qAS,RHST:/154259h4858.23N\00820.13E^141/038/A=001335 !W79! id22DF153A +673fpm -1.4rot 20.0dB 0e -2.2kHz gps1x2\r\n
FLRDF153A>APRS,qAS,RHST:/154304h4858.19N\00820.19E^137/042/A=001384 !W46! id22DF153A +693fpm -1.3rot 19.0dB 0e -2.2kHz gps1x2 -3.9dBm\r\n# aprsc 2.1.13-g79b6c3e 22 Feb 2023 15:43:10 GMT GLIDERN3 [2001:67c:15c:1::173]:14580\r\n
FLRDF153A>APRS,qAS,RHST:/154306h4858.17N\00820.22E^135/040/A=001410 !W81! id22DF153A +871fpm +0.2rot 19.0dB 0e -2.2kHz gps1x2\r\n
FLRDF153A>APRS,qAS,RHST:/154310h4858.14N\00820.27E^129/043/A=001453 !W74! id22DF153A +495fpm -0.3rot 20.0dB 0e -2.3kHz gps1x2\r\n
FLRDF153A>APRS,qAS,RHST:/154312h4858.13N\00820.30E^127/045/A=001473 !W23! id22DF153A +653fpm -0.6rot 20.8dB 0e -2.3kHz gps1x2\r\n
FLRDF153A>APRS,qAS,RHST:/154317h4858.10N\00820.39E^110/049/A=001525 !W03! id22DF153A +733fpm -0.2rot 11.0dB 0e -2.3kHz gps1x2\r\n
FLRDF153A>APRS,qAS,RHST:/154320h4858.08N\00820.45E^110/052/A=001548 !W43! id22DF153A +475fpm -1.2rot 18.2dB 0e -2.3kHz gps1x2\r\n
FLRDF153A>APRS,qAS,RHST:/154323h4858.07N\00820.52E^102/054/A=001578 !W40! id22DF153A +812fpm +0.3rot 19.0dB 0e -2.3kHz gps2x2\r\n
FLRDF153A>APRS,qAS,RHST:/154328h4858.05N\00820.63E^101/053/A=001643 !W70! id22DF153A +653fpm -1.5rot 24.0dB 0e -2.3kHz gps1x2\r\n
FLRDF153A>APRS,qAS,RHST:/154329h4858.05N\00820.65E^095/055/A=001653 !W54! id22DF153A +396fpm -3.3rot 25.2dB 0e -2.2kHz gps1x2\r\n
FLRDF153A>APRS,qAS,RHST:/154330h4858.05N\00820.68E^083/058/A=001653 !W61! id22DF153A -316fpm -3.7rot 21.8dB 0e -2.2kHz gps1x2\r\n
FLRDF153A>APRS,qAS,RHST:/154331h4858.06N\00820.70E^070/063/A=001643 !W28! id22DF153A -1068fpm -4.7rot 18.8dB 0e -2.2kHz gps2x2\r\n
FLRDF153A>APRS,qAS,RHST:/154332h4858.07N\00820.73E^053/064/A=001620 !W46! id22DF153A -1464fpm -6.5rot 21.5dB 0e -2.2kHz gps2x2\r\n
FLRDF153A>APRS,qAS,RHST:/154333h4858.09N\00820.75E^033/065/A=001601 !W34! id22DF153A -1187fpm -6.9rot 18.2dB 0e -2.2kHz gps2x2\r\n
FLRDF153A>APRS,qAS,RHST:/154334h4858.11N\00820.75E^011/062/A=001584 !W59! id22DF153A -474fpm -7.7rot 25.2dB 0e -2.2kHz gps2x2\r\n
FLRDF153A>APRS,qAS,RHST:/154335h4858.13N\00820.74E^349/055/A=001581 !W58! id22DF153A +040fpm -8.2rot 15.0dB 0e -2.2kHz gps2x2\r\n
FLRDF153A>APRS,qAS,RHST:/154336h4858.14N\00820.73E^324/048/A=001588 !W80! id22DF153A +455fpm -7.7rot 15.8dB 0e -2.2kHz gps2x2\r\n
FLRDF153A>APRS,qAS,RHST:/154337h4858.15N\00820.71E^307/047/A=001601 !W32! id22DF153A +1267fpm -3.6rot 9.5dB 0e -2.2kHz gps2x2\r\n
FLRDF153A>APRS,qAS,RHST:/154338h4858.15N\00820.69E^301/043/A=001624 !W74! id22DF153A +1465fpm -0.3rot 5.5dB 0e -2.2kHz gps2x2\r\n
FLRDF153A>APRS,qAS,RHST:/154339h4858.16N\00820.67E^302/042/A=001643 !W37! id22DF153A +1287fpm +0.6rot 7.8dB 0e -2.2kHz gps2x2\r\n
FLRDF153A>APRS,qAS,RHST:/154340h4858.17N\00820.66E^302/040/A=001666 !W03! id22DF153A +1188fpm +0.4rot 13.0dB 0e -2.2kHz gps2x2\r\n
FLRDF153A>APRS,qAS,RHST:/154341h4858.17N\00820.65E^302/038/A=001686 !W60! id22DF153A +1188fpm -0.5rot 15.5dB 0e -2.2kHz gps2x2\r\n
FLRDF153A>APRS,qAS,RHST:/154342h4858.18N\00820.63E^302/037/A=001706 !W15! id22DF153A +1089fpm -0.7rot 13.2dB 0e -2.2kHz gps2x2\r\n
FLRDF153A>APRS,qAS,RHST:/154343h4858.18N\00820.62E^298/035/A=001722 !W72! id22DF153A +1089fpm -0.5rot 8.8dB 0e -2.2kHz gps2x2\r\n
FLRDF153A>APRS,qAS,RHST:/154344h4858.19N\00820.60E^298/034/A=001738 !W19! id22DF153A +1030fpm -0.4rot 14.8dB 0e -2.3kHz gps2x2\r\n
FLRDF153A>APRS,qAS,RHST:/154348h4858.20N\00820.55E^298/031/A=001797 !W78! id22DF153A +792fpm +0.2rot 15.0dB 0e -2.2kHz gps2x2\r\n
FLRDF153A>APRS,qAS,RHST:/154351h4858.21N\00820.52E^295/031/A=001834 !W92! id22DF153A +455fpm -0.8rot 3.2dB 0e -2.2kHz gps2x2\r\n
FLRDF153A>APRS,qAS,RHST:/154352h4858.22N\00820.50E^291/032/A=001840 !W39! id22DF153A +257fpm -2.0rot 14.5dB 0e -2.2kHz gps2x2\r\n
FLRDF153A>APRS,qAS,RHST:/154353h4858.22N\00820.49E^285/033/A=001843 !W65! id22DF153A +238fpm -2.2rot 16.5dB 0e -2.2kHz gps2x2\r\n
FLRDF153A>APRS,qAS,RHST:/154354h4858.22N\00820.48E^279/034/A=001847 !W71! id22DF153A +277fpm -2.2rot 21.2dB 0e -2.2kHz gps2x2\r\n
FLRDF153A>APRS,qAS,RHST:/154356h4858.22N\00820.45E^266/036/A=001860 !W60! id22DF153A +475fpm -1.7rot 20.0dB 0e -2.2kHz gps2x2\r\n
FLRDF153A>APRS,qAS,RHST:/154359h4858.22N\00820.40E^262/042/A=001870 !W02! id22DF153A -177fpm +0.1rot 19.2dB 0e -2.2kHz gps2x2\r\n
FLRDF153A>APRS,qAS,RHST:/154403h4858.21N\00820.32E^268/049/A=001863 !W53! id22DF153A +040fpm +1.0rot 19.0dB 0e -2.3kHz gps2x2\r\n
FLRDF153A>APRS,qAS,RHST:/154408h4858.22N\00820.21E^289/054/A=001870 !W81! id22DF153A +455fpm +1.7rot 25.0dB 0e -2.3kHz gps2x2\r\n
FLRDF153A>APRS,qAS,RHST:/154411h4858.24N\00820.15E^294/050/A=001883 !W70! id22DF153A +020fpm -0.3rot 28.0dB 0e -2.3kHz gps2x2\r\n
FLRDF153A>APRS,qAS,RHST:/154417h4858.28N\00820.03E^301/048/A=001883 !W79! id22DF153A -019fpm +0.0rot 23.0dB 0e -2.3kHz gps2x2\r\n
FLRDF153A>APRS,qAS,RHST:/154420h4858.30N\00819.98E^301/047/A=001876 !W86! id22DF153A -157fpm -0.1rot 17.5dB 0e -2.3kHz gps2x2\r\n
FLRDF153A>APRS,qAS,RHST:/154425h4858.34N\00819.90E^308/043/A=001879 !W66! id22DF153A +277fpm +0.4rot 28.2dB 0e -2.3kHz gps2x2\r\n
FLRDF153A>APRS,qAS,RHST:/154433h4858.40N\00819.79E^307/040/A=001902 !W37! id22DF153A +059fpm +0.2rot 26.8dB 0e -2.3kHz gps2x2\r\n
FLRDF153A>APRS,qAS,RHST:/154435h4858.41N\00819.77E^309/040/A=001909 !W80! id22DF153A +277fpm +0.3rot 19.8dB 0e -2.3kHz gps2x2\r\n
FLRDF153A>APRS,qAS,RHST:/154438h4858.43N\00819.73E^312/039/A=001925 !W91! id22DF153A +396fpm +0.2rot 13.8dB 0e -2.3kHz gps2x2\r\n
FLRDF153A>APRS,qAS,RHST:/154443h4858.47N\00819.67E^314/038/A=001952 !W63! id22DF153A +000fpm +0.6rot 19.5dB 0e -2.3kHz gps2x2\r\n
FLRDF153A>APRS,qAS,RHST:/154449h4858.53N\00819.60E^327/044/A=001948 !W17! id22DF153A -197fpm +0.7rot 21.8dB 0e -2.3kHz gps2x2\r\n
FLRDF153A>APRS,qAS,RHST:/154455h4858.60N\00819.55E^342/049/A=001932 !W35! id22DF153A -138fpm +0.9rot 14.8dB 0e -2.3kHz gps1x2\r\n
FLRDF153A>APRS,qAS,RHST:/154503h4858.71N\00819.52E^351/051/A=001925 !W47! id22DF153A -276fpm -0.2rot 13.2dB 0e -2.3kHz gps1x2\r\n
FLRDF153A>APRS,qAS,RHST:/154506h4858.75N\00819.51E^350/052/A=001925 !W84! id22DF153A +139fpm +0.1rot 14.8dB 0e -2.3kHz gps1x2 -3.9dBm\r\n
FLRDF153A>APRS,qAS,RHST:/154508h4858.78N\00819.50E^350/051/A=001932 !W67! id22DF153A +238fpm +0.0rot 15.2dB 0e -2.3kHz gps1x2\r\n
FLRDF153A>APRS,qAS,RHST:/154515h4858.88N\00819.47E^350/049/A=001948 !W49! id22DF153A +139fpm +0.1rot 15.5dB 0e -2.3kHz gps1x2\r\n
FLRDF153A>APRS,qAS,RHST:/154517h4858.91N\00819.47E^350/049/A=001955 !W12! id22DF153A +198fpm -0.1rot 11.5dB 0e -2.2kHz gps1x2\r\n
FLRDF153A>APRS,qAS,RHST:/154522h4858.97N\00819.45E^346/046/A=001978 !W60! id22DF153A +297fpm -0.1rot 9.0dB 0e -2.3kHz gps1x2\r\n
FLRDF153A>APRS,qAS,RHST:/154530h4859.07N\00819.40E^343/047/A=002001 !W69! id22DF153A -019fpm -0.4rot 12.5dB 0e -2.3kHz gps1x2\r\n
FLRDF153A>APRS,qAS,RHST:/154537h4859.16N\00819.35E^343/049/A=002011 !W46! id22DF153A +238fpm +0.8rot 8.2dB 4e -2.3kHz gps1x2\r\n
FLRDF153A>APRS,qAS,RHST:/154543h4859.24N\00819.32E^342/049/A=002027 !W63! id22DF153A +040fpm -0.5rot 7.8dB 0e -2.3kHz gps1x2\r\n
FLRDF153A>APRS,qAS,RHST:/154547h4859.29N\00819.28E^328/046/A=002034 !W57! id22DF153A +218fpm -1.1rot 12.2dB 0e -2.3kHz gps1x2\r\n
FLRDF153A>APRS,qAS,RHST:/154550h4859.32N\00819.25E^327/044/A=002050 !W64! id22DF153A +356fpm +0.4rot 12.5dB 0e -2.3kHz gps1x2\r\n
FLRDF153A>APRS,qAS,RHST:/154555h4859.37N\00819.20E^324/043/A=002063 !W61! id22DF153A +059fpm +0.3rot 4.8dB 0e -2.3kHz gps1x2\r\n
FLRDF153A>APRS,qAS,RHST:/154601h4859.43N\00819.13E^320/044/A=002070 !W74! id22DF153A +198fpm -0.4rot 10.5dB 0e -2.3kHz gps1x2\r\n
FLRDF153A>APRS,qAS,RHST:/154604h4859.46N\00819.09E^323/043/A=002086 !W47! id22DF153A +257fpm +0.7rot 10.2dB 0e -2.3kHz gps1x2\r\n
FLRDF153A>APRS,qAS,RHST:/154607h4859.49N\00819.06E^330/040/A=002089 !W49! id22DF153A -217fpm -0.1rot 12.8dB 0e -2.3kHz gps1x2\r\n
FLRDF153A>APRS,qAS,RHST:/154609h4859.51N\00819.04E^324/043/A=002076 !W49! id22DF153A -573fpm -0.7rot 8.5dB 0e -2.3kHz gps1x2\r\n
FLRDF153A>APRS,qAS,RHST:/154611h4859.53N\00819.02E^321/047/A=002057 !W45! id22DF153A -355fpm -0.1rot 10.2dB 0e -2.3kHz gps1x2\r\n
FLRDF153A>APRS,qAS,RHST:/154613h4859.55N\00819.00E^320/046/A=002057 !W40! id22DF153A +297fpm -0.4rot 4.0dB 2e -2.3kHz gps1x2\r\n
FLRDF153A>APRS,qAS,RHST:/154615h4859.57N\00818.97E^320/042/A=002073 !W34! id22DF153A +634fpm +0.2rot 8.0dB 0e -2.3kHz gps1x2\r\n
FLRDF153A>APRS,qAS,RHST:/154619h4859.61N\00818.93E^328/042/A=002099 !W13! id22DF153A -019fpm +0.7rot 10.5dB 0e -2.2kHz gps1x2\r\n
FLRDF153A>APRS,qAS,RHST:/154621h4859.63N\00818.91E^329/044/A=002093 !W25! id22DF153A -276fpm -0.6rot 10.2dB 0e -2.3kHz gps1x2\r\n
FLRDF153A>APRS,qAS,RHST:/154626h4859.68N\00818.85E^319/046/A=002083 !W34! id22DF153A +178fpm -0.1rot 8.8dB 0e -2.3kHz gps1x2\r\n
FLRDF153A>APRS,qAS,RHST:/154628h4859.70N\00818.82E^320/046/A=002089 !W38! id22DF153A +317fpm +0.4rot 8.0dB 0e -2.3kHz gps1x2\r\n
FLRDF153A>APRS,qAS,RHST:/154630h4859.72N\00818.80E^321/043/A=002106 !W34! id22DF153A +495fpm -0.2rot 7.5dB 1e -3.1kHz gps1x2\r\n
FLRDF153A>APRS,qAS,RHST:/154634h4859.75N\00818.75E^313/041/A=002122 !W67! id22DF153A -019fpm -0.1rot 9.8dB 0e -2.3kHz gps1x2\r\n
FLRDF153A>APRS,qAS,RHST:/154647h4859.86N\00818.58E^313/039/A=002139 !W27! id22DF153A -217fpm +0.1rot 13.0dB 0e -2.3kHz gps1x2\r\n
FLRDF153A>APRS,qAS,RHST:/154649h4859.87N\00818.56E^315/042/A=002125 !W82! id22DF153A -652fpm +0.1rot 13.2dB 0e -2.3kHz gps1x2\r\n
FLRDF153A>APRS,qAS,RHST:/154654h4859.91N\00818.48E^301/044/A=002093 !W99! id22DF153A +198fpm -1.3rot 4.2dB 1e -2.3kHz gps1x2\r\n
FLRDF153A>APRS,qAS,RHST:/154656h4859.93N\00818.45E^299/040/A=002106 !W06! id22DF153A +436fpm +0.4rot 7.2dB 0e -2.3kHz gps1x2\r\n
FLRDF153A>APRS,qAS,RHST:/154658h4859.94N\00818.42E^305/038/A=002112 !W28! id22DF153A +099fpm +1.2rot 15.8dB 0e -2.3kHz gps1x2\r\n
FLRDF153A>APRS,qAS,RHST:/154701h4859.96N\00818.39E^308/038/A=002106 !W30! id22DF153A -296fpm -0.7rot 9.5dB 0e -2.2kHz gps1x2\r\n
FLRDF153A>APRS,qAS,RHST:/154703h4859.97N\00818.36E^304/040/A=002093 !W73! id22DF153A -454fpm +0.1rot 9.0dB 0e -2.3kHz gps1x2\r\n
FLRDF153A>APRS,qAS,RHST:/154708h4900.00N\00818.28E^297/041/A=002070 !W86! id22DF153A +020fpm -0.6rot 6.5dB 0e -2.3kHz gps1x2 -3.7dBm\r\n
FLRDF153A>APRS,qAS,RHST:/154714h4900.03N\00818.19E^292/039/A=002066 !W84! id22DF153A -276fpm -1.0rot 1.5dB 0e -2.3kHz gps1x2\r\n
FLRDF153A>APRS,qAS,RHST:/154722h4900.07N\00818.06E^295/040/A=002040 !W25! id22DF153A -019fpm +0.7rot 7.2dB 0e -2.2kHz gps1x2\r\n
FLRDF153A>APRS,qAS,RHST:/154725h4900.09N\00818.02E^300/040/A=002034 !W00! id22DF153A -118fpm +0.0rot 9.5dB 0e -2.3kHz gps1x2\r\n
FLRDF153A>APRS,qAS,RHST:/154728h4900.10N\00817.97E^297/041/A=002027 !W66! id22DF153A -256fpm -0.1rot 3.5dB 0e -2.3kHz gps1x2\r\n
FLRDF153A>APRS,qAS,RHST:/154735h4900.14N\00817.86E^305/042/A=002001 !W54! id22DF153A -098fpm +1.5rot 11.2dB 0e -2.2kHz gps1x2\r\n
FLRDF153A>APRS,qAS,RHST:/154737h4900.16N\00817.83E^311/041/A=001994 !W18! id22DF153A -316fpm +0.2rot 11.2dB 0e -2.2kHz gps1x2\r\n
FLRDF153A>APRS,qAS,RHST:/154740h4900.18N\00817.79E^301/042/A=001978 !W14! id22DF153A -217fpm -0.8rot 6.0dB 2e -0.9kHz gps1x2\r\n
FLRDF153A>APRS,qAS,RHST:/154743h4900.19N\00817.74E^293/042/A=001975 !W86! id22DF153A -039fpm -1.3rot 5.8dB 1e -2.2kHz gps1x2\r\n
FLRDF153A>APRS,qAS,RHST:/154747h4900.21N\00817.67E^290/038/A=001994 !W29! id22DF153A +495fpm +0.1rot 6.0dB 2e -2.3kHz gps1x2\r\n
FLRDF153A>APRS,qAS,RHST:/154751h4900.22N\00817.61E^281/037/A=002011 !W47! id22DF153A -019fpm -1.4rot 4.2dB 2e -2.2kHz gps1x2\r\n
FLRDF153A>APRS,qAS,RHST:/154752h4900.22N\00817.60E^278/038/A=002011 !W51! id22DF153A +079fpm +0.2rot 4.5dB 8e -2.2kHz gps1x2\r\n
FLRDF153A>APRS,qAS,RHST:/154753h4900.22N\00817.58E^282/038/A=002014 !W74! id22DF153A +158fpm +2.4rot 10.5dB 0e -2.2kHz gps1x2\r\n
FLRDF153A>APRS,qAS,RHST:/154754h4900.23N\00817.56E^292/038/A=002014 !W07! id22DF153A +099fpm +4.0rot 12.2dB 0e -2.3kHz gps1x2\r\n
FLRDF153A>APRS,qAS,RHST:/154755h4900.23N\00817.55E^304/040/A=002014 !W71! id22DF153A -118fpm +4.9rot 9.2dB 0e -2.2kHz gps1x2\r\n
FLRDF153A>APRS,qAS,RHST:/154756h4900.24N\00817.53E^316/043/A=002014 !W69! id22DF153A -118fpm +4.1rot 8.8dB 0e -2.2kHz gps1x2\r\n
FLRDF153A>APRS,qAS,RHST:/154757h4900.25N\00817.53E^328/047/A=002011 !W80! id22DF153A -177fpm +3.3rot 10.2dB 0e -2.3kHz gps1x2\r\n
FLRDF153A>APRS,qAS,RHST:/154758h4900.27N\00817.52E^338/049/A=002007 !W02! id22DF153A -217fpm +2.5rot 7.2dB 0e -2.3kHz gps1x2\r\n
FLRDF153A>APRS,qAS,RHST:/154759h4900.28N\00817.51E^343/052/A=002004 !W57! id22DF153A -197fpm +2.2rot 2.5dB 5e -2.3kHz gps1x2\r\n
FLRDF153A>APRS,qAS,RHST:/154800h4900.30N\00817.51E^350/053/A=002001 !W04! id22DF153A -058fpm +1.9rot 4.0dB 3e -2.2kHz gps1x2\r\n
FLRDF153A>APRS,qAS,RHST:/154803h4900.34N\00817.51E^008/056/A=002004 !W77! id22DF153A +119fpm +2.1rot 6.8dB 0e -2.2kHz gps1x2\r\n
FLRDF153A>APRS,qAS,RHST:/154808h4900.42N\00817.55E^018/058/A=001998 !W36! id22DF153A -237fpm +0.6rot 11.8dB 0e -2.2kHz gps1x2\r\n
FLRDF153A>APRS,qAS,RHST:/154812h4900.48N\00817.59E^021/060/A=001998 !W60! id22DF153A +079fpm +0.4rot 1.0dB 2e -2.2kHz gps1x2\r\n
FLRDF153A>APRS,qAS,RHST:/154815h4900.53N\00817.62E^022/058/A=002004 !W22! id22DF153A +238fpm -0.2rot 9.5dB 0e -2.2kHz gps1x2\r\n
FLRDF153A>APRS,qAS,RHST:/154818h4900.57N\00817.64E^017/058/A=002007 !W97! id22DF153A -039fpm -0.5rot 4.8dB 0e -2.2kHz gps1x2\r\n
FLRDF153A>APRS,qAS,RHST:/154823h4900.65N\00817.68E^018/058/A=002011 !W77! id22DF153A +079fpm -0.3rot 8.8dB 0e -2.2kHz gps1x2\r\n
FLRDF153A>APRS,qAS,RHST:/154832h4900.79N\00817.76E^021/058/A=002020 !W51! id22DF153A +119fpm +0.2rot 0.0dB 3e -2.2kHz gps1x2\r\n
FLRDF153A>APRS,qAS,RHST:/154834h4900.82N\00817.77E^021/057/A=002027 !W69! id22DF153A +238fpm -0.2rot 4.0dB 0e -3.2kHz gps1x2\r\n
FLRDF153A>APRS,qAS,RHST:/154854h4901.13N\00817.92E^015/061/A=002027 !W86! id22DF153A +040fpm +0.0rot 0.2dB 6e -2.2kHz gps2x2\r\n
FLRDF153A>APRS,qAS,RHST:/154909h4901.37N\00818.03E^019/060/A=002037 !W39! id22DF153A -316fpm -0.2rot 2.5dB 2e -2.2kHz gps2x2 -3.4dBm\r\n
FLRDF153A>APRS,qAS,RHST:/154919h4901.53N\00818.13E^023/057/A=002037 !W25! id22DF153A -039fpm -0.1rot 0.2dB 4e -2.2kHz gps2x2\r\n
FLRDF153A>APRS,qAS,RHST:/154921h4901.56N\00818.15E^021/059/A=002030 !W35! id22DF153A -395fpm -0.3rot 3.8dB 1e -2.2kHz gps2x2\r\n
FLRDF153A>APRS,qAS,RHST:/154928h4901.67N\00818.21E^016/061/A=002007 !W75! id22DF153A +040fpm -0.2rot 4.0dB 3e -2.2kHz gps2x2\r\n
FLRDF153A>APRS,qAS,RHST:/154931h4901.72N\00818.23E^015/060/A=002014 !W66! id22DF153A +079fpm -0.1rot 2.5dB 0e -2.2kHz gps2x2\r\n
FLRDF153A>APRS,qAS,RHST:/154934h4901.77N\00818.25E^015/061/A=002014 !W55! id22DF153A -039fpm -0.1rot 1.2dB 0e -2.2kHz gps2x2\r\n
FLRDF153A>APRS,qAS,RHST:/154941h4901.89N\00818.29E^015/059/A=002017 !W19! id22DF153A -078fpm +0.4rot 1.5dB 5e -2.2kHz gps2x2\r\n
FLRDF153A>APRS,qAS,RHST:/154956h4902.13N\00818.41E^017/058/A=001998 !W61! id22DF153A -039fpm +0.0rot 0.0dB 0e -2.2kHz gps2x2\r\n
FLRDF153A>APRS,qAS,RHST:/155000h4902.19N\00818.44E^015/058/A=001978 !W80! id22DF153A -514fpm -1.6rot 8.8dB 0e -2.2kHz gps2x2\r\n
FLRDF153A>APRS,qAS,RHST:/155001h4902.21N\00818.44E^009/056/A=001968 !W55! id22DF153A -652fpm -2.3rot 11.2dB 0e -2.2kHz gps2x2\r\n
FLRDF153A>APRS,qAS,RHST:/155002h4902.23N\00818.44E^002/056/A=001955 !W16! id22DF153A -791fpm -2.5rot 11.5dB 0e -2.2kHz gps2x2\r\n
FLRDF153A>APRS,qAS,RHST:/155003h4902.24N\00818.44E^356/056/A=001942 !W73! id22DF153A -732fpm -2.0rot 10.8dB 0e -3.6kHz gps2x2\r\n
FLRDF153A>APRS,qAS,RHST:/155006h4902.29N\00818.42E^342/055/A=001925 !W35! id22DF153A +079fpm -0.5rot 10.8dB 0e -2.2kHz gps2x2\r\n
FLRDF153A>APRS,qAS,RHST:/155008h4902.32N\00818.41E^343/051/A=001932 !W10! id22DF153A +257fpm +0.1rot 10.2dB 0e -2.2kHz gps2x2\r\n
FLRDF153A>APRS,qAS,RHST:/155011h4902.36N\00818.39E^344/051/A=001932 !W21! id22DF153A -217fpm +0.0rot 10.8dB 0e -2.2kHz gps2x2\r\n
FLRDF153A>APRS,qAS,RHST:/155013h4902.38N\00818.37E^342/052/A=001919 !W99! id22DF153A -336fpm -0.6rot 7.5dB 0e -2.2kHz gps2x2\r\n
FLRDF153A>APRS,qAS,RHST:/155018h4902.46N\00818.34E^342/051/A=001906 !W04! id22DF153A -019fpm -0.4rot 9.5dB 0e -2.2kHz gps2x2\r\n
FLRDF153A>APRS,qAS,RHST:/155021h4902.50N\00818.32E^344/051/A=001899 !W03! id22DF153A -197fpm +0.6rot 8.2dB 0e -2.2kHz gps2x2\r\n
FLRDF153A>APRS,qAS,RHST:/155027h4902.59N\00818.29E^355/055/A=001883 !W08! id22DF153A -078fpm +0.4rot 7.0dB 0e -2.2kHz gps2x2\r\n
FLRDF153A>APRS,qAS,RHST:/155031h4902.65N\00818.29E^354/055/A=001876 !W21! id22DF153A -098fpm -0.6rot 9.8dB 2e -2.2kHz gps2x2\r\n
FLRDF153A>APRS,qAS,RHST:/155035h4902.71N\00818.28E^358/048/A=001879 !W23! id22DF153A -177fpm +0.8rot 4.0dB 0e -2.2kHz gps2x2\r\n
FLRDF153A>APRS,qAS,RHST:/155036h4902.72N\00818.28E^001/048/A=001873 !W54! id22DF153A -613fpm +0.7rot 5.8dB 2e -1.1kHz gps2x2\r\n
FLRDF153A>APRS,qAS,RHST:/155039h4902.76N\00818.28E^008/055/A=001830 !W99! id22DF153A -949fpm +1.1rot 2.2dB 3e -2.2kHz gps2x2\r\n
FLRDF153A>APRS,qAS,RHST:/155044h4902.84N\00818.33E^028/061/A=001761 !W54! id22DF153A -791fpm +0.7rot 1.2dB 5e -2.2kHz gps2x2\r\n
FLRDF153A>APRS,qAS,RHST:/155046h4902.87N\00818.36E^030/062/A=001738 !W42! id22DF153A -593fpm -0.1rot 1.0dB 6e -2.1kHz gps2x2\r\n
FLRDF153A>APRS,qAS,RHST:/155121h4903.41N\00818.87E^041/064/A=001624 !W73! id22DF153A +079fpm +0.1rot 0.5dB 7e -2.2kHz gps1x2 -2.6dBm\r\n
FLRDF153A>APRS,qAS,RHST:/155351h4903.97N\00821.73E^147/048/A=001673 !W82! id22DF153A +277fpm -0.4rot 0.0dB 5e -2.1kHz gps1x2 -2.6dBm\r\n
FLRDF153A>APRS,qAS,RHST:/155402h4903.85N\00821.86E^149/048/A=001699 !W50! id22DF153A +356fpm -0.1rot 2.2dB 1e -2.1kHz gps1x2\r\n
FLRDF153A>APRS,qAS,RHST:/155404h4903.83N\00821.88E^147/047/A=001712 !W32! id22DF153A +376fpm -0.2rot 4.0dB 0e -2.1kHz gps1x2\r\n
FLRDF153A>APRS,qAS,RHST:/155407h4903.80N\00821.91E^147/045/A=001722 !W15! id22DF153A +020fpm +0.4rot 1.5dB 5e -2.1kHz gps1x2\r\n
FLRDF153A>APRS,qAS,RHST:/155413h4903.73N\00821.97E^148/048/A=001715 !W57! id22DF153A -098fpm +0.2rot 1.5dB 0e -2.1kHz gps1x2\r\n
FLRDF153A>APRS,qAS,RHST:/155418h4903.67N\00822.02E^149/044/A=001725 !W87! id22DF153A +218fpm -0.2rot 2.0dB 1e -2.1kHz gps1x2\r\n
FLRDF153A>APRS,qAS,RHST:/155423h4903.62N\00822.07E^156/044/A=001738 !W43! id22DF153A +238fpm +0.0rot 0.0dB 2e -2.1kHz gps1x2\r\n
FLRDF153A>APRS,qAS,RHST:/155430h4903.54N\00822.13E^154/047/A=001729 !W55! id22DF153A -138fpm -0.5rot 4.5dB 0e -2.1kHz gps1x2\r\n
FLRDF153A>APRS,qAS,RHST:/155432h4903.52N\00822.15E^152/048/A=001722 !W24! id22DF153A -039fpm +0.1rot 3.2dB 5e -2.1kHz gps1x2\r\n
FLRDF153A>APRS,qAS,RHST:/155435h4903.48N\00822.18E^155/044/A=001732 !W50! id22DF153A +376fpm -0.4rot 8.0dB 0e -2.1kHz gps1x2\r\n
FLRDF153A>APRS,qAS,RHST:/155441h4903.41N\00822.23E^152/047/A=001729 !W94! id22DF153A -514fpm +0.1rot 7.2dB 0e -2.0kHz gps1x2\r\n
FLRDF153A>APRS,qAS,RHST:/155448h4903.33N\00822.29E^159/046/A=001719 !W21! id22DF153A +337fpm -0.3rot 3.2dB 3e -2.1kHz gps1x2\r\n
FLRDF153A>APRS,qAS,RHST:/155455h4903.24N\00822.34E^162/047/A=001709 !W90! id22DF153A -256fpm +0.1rot 0.0dB 7e -2.0kHz gps2x2\r\n
FLRDF153A>APRS,qAS,RHST:/155503h4903.15N\00822.38E^160/043/A=001729 !W39! id22DF153A -237fpm +0.2rot 3.8dB 0e -2.0kHz gps2x2\r\n
FLRDF153A>APRS,qAS,RHST:/155516h4902.99N\00822.45E^167/043/A=001722 !W14! id22DF153A -078fpm +0.4rot 0.0dB 6e -2.0kHz gps1x2\r\n
FLRDF153A>APRS,qAS,RHST:/155517h4902.98N\00822.45E^170/044/A=001722 !W09! id22DF153A -058fpm +0.5rot 0.0dB 3e -2.1kHz gps1x2\r\n
FLRDF153A>APRS,qAS,RHST:/155535h4902.76N\00822.50E^173/042/A=001748 !W14! id22DF153A -019fpm -0.6rot 3.0dB 0e -2.1kHz gps1x2\r\n
FLRDF153A>APRS,qAS,RHST:/155542h4902.67N\00822.53E^161/047/A=001742 !W38! id22DF153A +238fpm -0.9rot 0.0dB 4e -2.1kHz gps1x2\r\n
FLRDF153A>APRS,qAS,RHST:/155545h4902.63N\00822.56E^152/047/A=001755 !W85! id22DF153A +238fpm -1.0rot 0.0dB 5e -2.0kHz gps1x2\r\n
FLRDF153A>APRS,qAS,RHST:/155551h4902.56N\00822.60E^188/042/A=001683 !W50! id22DF153A -1662fpm +4.3rot 8.2dB 0e -2.0kHz gps1x2 -2.4dBm\r\n
FLRDF153A>APRS,qAS,RHST:/155552h4902.55N\00822.59E^201/043/A=001656 !W33! id22DF153A -1563fpm +4.4rot 8.5dB 0e -2.0kHz gps1x2\r\n
FLRDF153A>APRS,qAS,RHST:/155553h4902.54N\00822.58E^214/045/A=001627 !W22! id22DF153A -1563fpm +3.3rot 9.2dB 0e -2.1kHz gps1x2\r\n
FLRDF153A>APRS,qAS,RHST:/155554h4902.53N\00822.56E^222/046/A=001604 !W38! id22DF153A -1543fpm +2.4rot 9.2dB 1e -0.8kHz gps1x2\r\n
FLRDF153A>APRS,qAS,RHST:/155556h4902.51N\00822.53E^232/048/A=001551 !W76! id22DF153A -1484fpm +1.3rot 11.2dB 0e -2.1kHz gps1x2\r\n
FLRDF153A>APRS,qAS,RHST:/155600h4902.48N\00822.46E^241/049/A=001466 !W86! id22DF153A -1167fpm +0.1rot 10.0dB 0e -2.0kHz gps1x2\r\n
FLRDF153A>APRS,qAS,RHST:/155602h4902.47N\00822.42E^241/049/A=001427 !W68! id22DF153A -1088fpm +0.3rot 9.0dB 0e -2.1kHz gps1x2\r\n
FLRDF153A>APRS,qAS,RHST:/155608h4902.43N\00822.32E^242/047/A=001319 !W72! id22DF153A -1167fpm +0.1rot 6.0dB 1e -2.1kHz gps1x2\r\n
FLRDF153A>APRS,qAS,RHST:/155609h4902.43N\00822.30E^242/047/A=001299 !W13! id22DF153A -1227fpm +0.2rot 2.5dB 3e -2.1kHz gps1x2\r\n
FLRDF153A>APRS,qAS,RHST:/155618h4902.37N\00822.13E^247/048/A=001145 !W87! id22DF153A -573fpm +0.3rot 0.0dB 6e -2.1kHz gps2x2\r\n
FLRDF153A>APRS,qAS,RHST:/155624h4902.34N\00822.02E^246/044/A=001092 !W88! id22DF153A -395fpm +0.2rot 2.8dB 4e -2.0kHz gps2x2\r\n
FLRDF153A>APRS,qAS,RHST:/155625h4902.34N\00822.01E^246/045/A=001086 !W31! id22DF153A -276fpm -0.1rot 0.2dB 7e -2.0kHz gps2x2\r\n
FLRDF153A>APRS,qAS,RHST:/155632h4902.30N\00821.89E^247/043/A=001069 !W81! id22DF153A -355fpm +0.0rot 0.0dB 7e -2.1kHz gps2x2\r\n
FLRDF153A>APRS,qAS,RHST:/155638h4902.27N\00821.78E^244/043/A=001053 !W98! id22DF153A -098fpm -0.2rot 0.0dB 1e -2.1kHz gps2x2\r\n
FLRDF153A>APRS,qAS,RHST:/155641h4902.26N\00821.73E^245/043/A=001040 !W38! id22DF153A -316fpm +0.0rot 2.8dB 3e -2.1kHz gps2x2\r\n
FLRDF153A>APRS,qAS,RHST:/155646h4902.23N\00821.65E^246/043/A=001023 !W83! id22DF153A -197fpm -0.2rot 3.8dB 1e -2.1kHz gps2x2\r\n
FLRDF153A>APRS,qAS,RHST:/155651h4902.21N\00821.57E^245/041/A=001014 !W21! id22DF153A -039fpm -0.2rot 2.2dB 2e -2.1kHz gps1x2\r\n
FLRDF153A>APRS,qAS,RHST:/155705h4902.13N\00821.36E^230/041/A=001007 !W10! id22DF153A -177fpm -0.5rot 6.5dB 0e -2.1kHz gps1x2\r\n
FLRDF153A>APRS,qAS,RHST:/155706h4902.12N\00821.34E^231/041/A=001000 !W37! id22DF153A -237fpm +0.5rot 7.0dB 0e -2.1kHz gps1x2\r\n
FLRDF153A>APRS,qAS,RHST:/155708h4902.10N\00821.31E^229/041/A=001000 !W98! id22DF153A +139fpm -1.4rot 3.0dB 2e -2.1kHz gps1x2\r\n
FLRDF153A>APRS,qAS,RHST:/155709h4902.10N\00821.30E^223/040/A=001004 !W14! id22DF153A +218fpm -2.2rot 3.8dB 0e -2.1kHz gps1x2\r\n
FLRDF153A>APRS,qAS,RHST:/155710h4902.09N\00821.29E^216/039/A=001004 !W14! id22DF153A +099fpm -2.5rot 4.5dB 0e -2.1kHz gps1x2\r\n
FLRDF153A>APRS,qAS,RHST:/155711h4902.08N\00821.28E^209/040/A=001007 !W16! id22DF153A +040fpm -3.0rot 5.0dB 3e -2.1kHz gps1x2\r\n
FLRDF153A>APRS,qAS,RHST:/155730h4901.94N\00821.51E^069/059/A=001027 !W16! id22DF153A +079fpm -2.0rot 2.0dB 1e -2.2kHz gps2x2\r\n
FLRDF153A>APRS,qAS,RHST:/155732h4901.95N\00821.56E^058/060/A=001030 !W91! id22DF153A +040fpm -1.9rot 2.0dB 5e -2.3kHz gps2x2\r\n
FLRDF153A>APRS,qAS,RHST:/155814h4901.77N\00822.45E^126/042/A=001128 !W86! id22DF153A +1188fpm +0.4rot 0.0dB 4e -2.2kHz gps2x2 -2.2dBm\r\n
FLRDF153A>APRS,qAS,RHST:/155816h4901.76N\00822.48E^129/041/A=001161 !W33! id22DF153A +772fpm +0.2rot 0.0dB 2e -2.1kHz gps2x2\r\n
FLRDF153A>APRS,qAS,RHST:/155827h4901.68N\00822.66E^119/047/A=001296 !W55! id22DF153A +792fpm -0.3rot 6.0dB 0e -2.2kHz gps2x2\r\n
FLRDF153A>APRS,qAS,RHST:/155834h4901.64N\00822.79E^112/050/A=001381 !W38! id22DF153A +812fpm -0.9rot 0.5dB 3e -2.2kHz gps2x2\r\n
FLRDF153A>APRS,qAS,RHST:/155837h4901.62N\00822.85E^109/050/A=001427 !W99! id22DF153A +851fpm +0.4rot 1.8dB 5e -2.2kHz gps2x2\r\n
FLRDF153A>APRS,qAS,RHST:/155843h4901.60N\00822.98E^108/051/A=001502 !W22! id22DF153A +673fpm +0.4rot 4.5dB 1e -2.2kHz gps2x2\r\n
FLRDF153A>APRS,qAS,RHST:/155845h4901.59N\00823.02E^110/052/A=001525 !W24! id22DF153A +733fpm +0.3rot 2.5dB 2e -2.2kHz gps2x2\r\n
FLRDF153A>APRS,qAS,RHST:/155859h4901.52N\00823.33E^102/057/A=001696 !W72! id22DF153A +733fpm -0.7rot 4.2dB 0e -2.2kHz gps2x2\r\n
FLRDF153A>APRS,qAS,RHST:/155921h4901.41N\00823.83E^113/056/A=001965 !W54! id22DF153A +772fpm +0.5rot 0.8dB 7e -2.3kHz gps2x2\r\n
FLRDF153A>APRS,qAS,RHST:/155938h4901.31N\00824.19E^108/054/A=002191 !W78! id22DF153A +317fpm -0.1rot 4.2dB 5e -2.3kHz gps2x2\r\n
FLRDF153A>APRS,qAS,RHST:/155946h4901.26N\00824.38E^121/059/A=002240 !W86! id22DF153A +396fpm +1.3rot 1.5dB 5e -2.2kHz gps2x2\r\n
FLRDF153A>APRS,qAS,RHST:/155953h4901.19N\00824.50E^137/052/A=002283 !W48! id22DF153A +079fpm +0.6rot 2.2dB 2e -2.2kHz gps1x2\r\n
FLRDF153A>APRS,qAS,RHST:/160002h4901.08N\00824.62E^132/055/A=002296 !W61! id22DF153A -098fpm -3.3rot 0.0dB 6e -2.2kHz gps2x2\r\n
FLRDF153A>APRS,qAS,RHST:/160004h4901.07N\00824.66E^115/062/A=002289 !W17! id22DF153A -197fpm -2.9rot 5.2dB 0e -2.3kHz gps2x2\r\n
FLRDF153A>APRS,qAS,RHST:/160005h4901.06N\00824.69E^107/065/A=002289 !W64! id22DF153A -039fpm -2.4rot 10.2dB 0e -2.3kHz gps2x2\r\n
FLRDF153A>APRS,qAS,RHST:/160006h4901.06N\00824.72E^099/066/A=002289 !W42! id22DF153A +119fpm -2.8rot 11.5dB 0e -2.3kHz gps2x2\r\n
FLRDF153A>APRS,qAS,RHST:/160007h4901.06N\00824.75E^092/067/A=002293 !W42! id22DF153A +238fpm -2.7rot 8.8dB 0e -2.3kHz gps2x2\r\n
FLRDF153A>APRS,qAS,RHST:/160008h4901.06N\00824.78E^083/068/A=002299 !W51! id22DF153A +238fpm -2.3rot 8.5dB 0e -2.3kHz gps2x2\r\n
FLRDF153A>APRS,qAS,RHST:/160010h4901.07N\00824.83E^069/068/A=002312 !W98! id22DF153A +277fpm -2.5rot 4.2dB 0e -2.3kHz gps2x2\r\nFLRDF153A>OGFLR,qAS,LuDaN:/160015h4901.14N\00824.94E^032/065/A=002330 !W33! id22DF153A +396fpm -2.7rot 1.2dB 3e -1.7kHz gps2x2\r\n
FLRDF153A>APRS,qAS,RHST:/160011h4901.08N\00824.86E^060/068/A=002312 !W74! id22DF153A +119fpm -2.5rot 11.5dB 0e -2.3kHz gps2x2\r\n
FLRDF153A>APRS,qAS,RHST:/160012h4901.09N\00824.88E^053/068/A=002312 !W97! id22DF153A +158fpm -2.3rot 8.5dB 0e -2.3kHz gps2x2\r\n
FLRDF153A>APRS,qAS,RHST:/160013h4901.11N\00824.90E^046/067/A=002319 !W29! id22DF153A +277fpm -2.2rot 9.5dB 0e -2.3kHz gps2x2\r\n
FLRDF153A>APRS,qAS,RHST:/160014h4901.12N\00824.92E^039/066/A=002322 !W78! id22DF153A +317fpm -2.2rot 9.5dB 0e -2.3kHz gps2x2 -2.1dBm\r\n
FLRDF153A>APRS,qAS,RHST:/160015h4901.14N\00824.94E^032/064/A=002329 !W33! id22DF153A +396fpm -2.7rot 11.5dB 0e -2.3kHz gps2x2\r\n
FLRDF153A>APRS,qAS,RHST:/160016h4901.16N\00824.95E^023/062/A=002335 !W04! id22DF153A +317fpm -3.1rot 12.0dB 0e -2.3kHz gps2x2\r\n
FLRDF153A>APRS,qAS,RHST:/160017h4901.17N\00824.96E^016/060/A=002342 !W70! id22DF153A +317fpm -2.8rot 12.0dB 0e -2.3kHz gps2x2\r\n
FLRDF153A>APRS,qAS,RHST:/160018h4901.19N\00824.96E^009/058/A=002345 !W52! id22DF153A +198fpm -2.7rot 10.8dB 0e -2.3kHz gps2x2\r\n
FLRDF153A>APRS,qAS,RHST:/160019h4901.21N\00824.96E^359/056/A=002348 !W12! id22DF153A +158fpm -2.9rot 8.0dB 1e -2.3kHz gps2x2\r\n
FLRDF153A>APRS,qAS,RHST:/160020h4901.22N\00824.95E^350/055/A=002352 !W78! id22DF153A +040fpm -2.9rot 10.0dB 4e -2.3kHz gps2x2\r\n
FLRDF153A>APRS,qAS,RHST:/160021h4901.24N\00824.95E^340/052/A=002352 !W20! id22DF153A +020fpm -3.3rot 11.8dB 0e -2.3kHz gps2x2\r\n
FLRDF153A>APRS,qAS,RHST:/160022h4901.25N\00824.93E^330/051/A=002352 !W69! id22DF153A +079fpm -3.5rot 5.5dB 4e -2.2kHz gps2x2\r\n
FLRDF153A>APRS,qAS,RHST:/160023h4901.26N\00824.92E^319/048/A=002355 !W75! id22DF153A +158fpm -3.8rot 12.0dB 0e -2.2kHz gps2x2\r\n
FLRDF153A>APRS,qAS,RHST:/160024h4901.27N\00824.90E^309/045/A=002358 !W57! id22DF153A +297fpm -3.8rot 11.0dB 0e -2.2kHz gps2x2\r\n
FLRDF153A>APRS,qAS,RHST:/160025h4901.28N\00824.88E^297/041/A=002368 !W09! id22DF153A +475fpm -4.0rot 9.0dB 0e -2.2kHz gps2x2\r\n
FLRDF153A>APRS,qAS,RHST:/160026h4901.28N\00824.87E^285/038/A=002375 !W32! id22DF153A +495fpm -4.2rot 9.0dB 0e -2.2kHz gps2x2\r\n
FLRDF153A>APRS,qAS,RHST:/160027h4901.28N\00824.85E^271/035/A=002381 !W35! id22DF153A +337fpm -4.1rot 10.5dB 0e -2.2kHz gps2x2\r\n
FLRDF153A>APRS,qAS,RHST:/160028h4901.28N\00824.83E^258/034/A=002388 !W19! id22DF153A +198fpm -4.2rot 11.8dB 0e -2.2kHz gps2x2\r\n
FLRDF153A>APRS,qAS,RHST:/160029h4901.27N\00824.82E^248/034/A=002388 !W65! id22DF153A +059fpm -3.7rot 9.0dB 0e -2.2kHz gps2x2\r\n
FLRDF153A>APRS,qAS,RHST:/160030h4901.27N\00824.81E^239/034/A=002391 !W03! id22DF153A +119fpm -2.3rot 4.8dB 0e -2.2kHz gps2x2\r\n
FLRDF153A>APRS,qAS,RHST:/160037h4901.22N\00824.74E^224/034/A=002388 !W51! id22DF153A -039fpm -0.3rot 6.8dB 0e -2.2kHz gps2x2\r\n
FLRDF153A>APRS,qAS,RHST:/160045h4901.16N\00824.66E^221/034/A=002394 !W83! id22DF153A +079fpm +0.4rot 3.0dB 3e -2.1kHz gps2x2\r\n
FLRDF153A>APRS,qAS,RHST:/160050h4901.13N\00824.61E^216/034/A=002398 !W06! id22DF153A -039fpm +0.2rot 0.8dB 7e -2.2kHz gps2x2\r\n
FLRDF153A>APRS,qAS,RHST:/160056h4901.08N\00824.55E^221/034/A=002404 !W49! id22DF153A +178fpm +0.4rot 3.2dB 1e -2.2kHz gps1x2\r\n
FLRDF153A>APRS,qAS,RHST:/160102h4901.04N\00824.49E^233/033/A=002411 !W74! id22DF153A +238fpm -1.2rot 5.0dB 2e -2.1kHz gps1x2\r\n
FLRDF153A>APRS,qAS,RHST:/160103h4901.04N\00824.48E^225/031/A=002414 !W22! id22DF153A +238fpm -2.7rot 3.0dB 0e -2.2kHz gps1x2\r\n
FLRDF153A>APRS,qAS,RHST:/160104h4901.03N\00824.47E^218/031/A=002417 !W44! id22DF153A +040fpm -3.6rot 2.2dB 3e -2.1kHz gps1x2\r\n
FLRDF153A>APRS,qAS,RHST:/160209h4900.29N\00824.51E^169/042/A=002388 !W71! id22DF153A -039fpm -0.1rot 3.0dB 0e -2.1kHz gps1x2\r\n
FLRDF153A>APRS,qAS,RHST:/160212h4900.26N\00824.52E^169/044/A=002378 !W22! id22DF153A -276fpm +0.1rot 1.8dB 1e -2.1kHz gps1x2 -1.9dBm\r\n
FLRDF153A>APRS,qAS,RHST:/160222h4900.14N\00824.55E^170/040/A=002385 !W16! id22DF153A -138fpm -0.1rot 3.0dB 4e -2.1kHz gps1x2\r\n
FLRDF153A>APRS,qAS,RHST:/160224h4900.11N\00824.56E^172/041/A=002371 !W72! id22DF153A -435fpm +0.9rot 3.8dB 2e -2.1kHz gps1x2\r\n
FLRDF153A>APRS,qAS,RHST:/160233h4900.01N\00824.55E^175/041/A=002355 !W86! id22DF153A -454fpm -0.6rot 0.8dB 2e -2.1kHz gps1x2\r\n
FLRDF153A>APRS,qAS,RHST:/160238h4859.95N\00824.56E^175/043/A=002342 !W77! id22DF153A +139fpm +0.2rot 2.0dB 4e -2.1kHz gps1x2\r\n
FLRDF153A>APRS,qAS,RHST:/160242h4859.91N\00824.57E^176/039/A=002355 !W11! id22DF153A +079fpm -0.3rot 2.0dB 6e -2.1kHz gps1x2\r\n
FLRDF153A>APRS,qAS,RHST:/160245h4859.87N\00824.57E^177/041/A=002345 !W85! id22DF153A -355fpm +0.2rot 6.0dB 0e -2.1kHz gps1x2\r\n
FLRDF153A>APRS,qAS,RHST:/160246h4859.86N\00824.57E^177/042/A=002339 !W65! id22DF153A -316fpm +0.6rot 4.0dB 3e -2.9kHz gps1x2\r\n
FLRDF153A>APRS,qAS,RHST:/160309h4859.59N\00824.60E^180/039/A=002322 !W37! id22DF153A +020fpm +0.8rot 0.0dB 1e -2.1kHz gps1x2\r\n
FLRDF153A>APRS,qAS,RHST:/160312h4859.56N\00824.60E^186/039/A=002316 !W03! id22DF153A -256fpm +0.1rot 0.8dB 3e -2.1kHz gps1x2\r\n
FLRDF153A>APRS,qAS,RHST:/160315h4859.52N\00824.59E^184/042/A=002306 !W68! id22DF153A -039fpm -0.3rot 0.0dB 4e -2.1kHz gps1x2\r\n
FLRDF153A>APRS,qAS,RHST:/160322h4859.44N\00824.59E^180/039/A=002312 !W69! id22DF153A -276fpm +0.5rot 3.8dB 4e -2.1kHz gps1x2\r\n
FLRDF153A>APRS,qAS,RHST:/160328h4859.38N\00824.58E^191/038/A=002303 !W07! id22DF153A +099fpm +0.2rot 1.5dB 8e -2.1kHz gps1x2\r\n
FLRDF153A>APRS,qAS,RHST:/160334h4859.31N\00824.56E^190/039/A=002299 !W79! id22DF153A -138fpm +0.1rot 3.0dB 3e -2.1kHz gps1x2\r\n
FLRDF153A>APRS,qAS,RHST:/160342h4859.23N\00824.54E^190/039/A=002299 !W15! id22DF153A -197fpm +0.1rot 1.2dB 3e -2.1kHz gps1x2\r\n
FLRDF153A>APRS,qAS,RHST:/160352h4859.12N\00824.51E^190/038/A=002312 !W06! id22DF153A +178fpm +0.2rot 1.8dB 3e -2.1kHz gps1x2\r\n
FLRDF153A>APRS,qAS,RHST:/160401h4859.02N\00824.48E^193/040/A=002309 !W44! id22DF153A -138fpm +0.3rot 1.5dB 3e -2.1kHz gps1x2\r\n
FLRDF153A>APRS,qAS,RHST:/160406h4858.97N\00824.45E^198/038/A=002316 !W08! id22DF153A +238fpm -0.4rot 1.5dB 4e -2.1kHz gps1x2\r\n
FLRDF153A>APRS,qAS,RHST:/160430h4858.72N\00824.33E^202/038/A=002326 !W22! id22DF153A +059fpm +0.4rot 0.0dB 5e -2.1kHz gps1x2 -1.9dBm\r\n
FLRDF153A>APRS,qAS,RHST:/160508h4858.41N\00823.99E^232/038/A=002329 !W80! id22DF153A -157fpm +0.4rot 0.0dB 8e -2.1kHz gps1x2\r\n
FLRDF153A>APRS,qAS,RHST:/160515h4858.37N\00823.90E^233/036/A=002332 !W61! id22DF153A -118fpm +0.0rot 2.2dB 2e -2.0kHz gps1x2\r\n
FLRDF153A>APRS,qAS,RHST:/160518h4858.35N\00823.86E^235/037/A=002322 !W73! id22DF153A -138fpm +0.7rot 0.2dB 0e -2.1kHz gps1x2\r\n
FLRDF153A>APRS,qAS,RHST:/160525h4858.32N\00823.76E^240/034/A=002329 !W38! id22DF153A -098fpm +0.3rot 7.0dB 0e -2.1kHz gps1x2\r\n
FLRDF153A>APRS,qAS,RHST:/160528h4858.30N\00823.72E^244/036/A=002322 !W97! id22DF153A -177fpm +0.2rot 5.0dB 0e -2.1kHz gps1x2\r\n
FLRDF153A>APRS,qAS,RHST:/160534h4858.28N\00823.64E^243/035/A=002322 !W14! id22DF153A +020fpm +0.4rot 0.5dB 2e -2.1kHz gps1x2\r\n
FLRDF153A>APRS,qAS,RHST:/160541h4858.24N\00823.54E^243/036/A=002312 !W98! id22DF153A -118fpm +0.1rot 0.0dB 5e -2.0kHz gps1x2\r\n
FLRDF153A>APRS,qAS,RHST:/160548h4858.21N\00823.45E^242/036/A=002309 !W51! id22DF153A -039fpm -0.1rot 2.5dB 0e -2.0kHz gps1x2\r\n
FLRDF153A>APRS,qAS,RHST:/160553h4858.18N\00823.38E^240/037/A=002299 !W93! id22DF153A -118fpm -0.1rot 1.5dB 7e -2.0kHz gps1x2\r\n
FLRDF153A>APRS,qAS,RHST:/160603h4858.13N\00823.24E^243/037/A=002289 !W81! id22DF153A -039fpm +0.1rot 1.8dB 2e -2.0kHz gps1x2\r\n
FLRDF153A>APRS,qAS,RHST:/160606h4858.12N\00823.19E^245/037/A=002283 !W58! id22DF153A -138fpm +0.6rot 3.5dB 2e -2.0kHz gps1x2\r\n
FLRDF153A>APRS,qAS,RHST:/160613h4858.09N\00823.09E^244/037/A=002270 !W55! id22DF153A -197fpm -0.2rot 0.0dB 4e -2.0kHz gps1x2\r\n
FLRDF153A>APRS,qAS,RHST:/160619h4858.06N\00823.00E^247/037/A=002257 !W88! id22DF153A -118fpm +0.6rot 1.2dB 3e -2.0kHz gps1x2\r\n
FLRDF153A>APRS,qAS,RHST:/160621h4858.06N\00822.97E^252/036/A=002250 !W08! id22DF153A -177fpm +0.8rot 5.2dB 0e -2.0kHz gps1x2\r\n
FLRDF153A>APRS,qAS,RHST:/160626h4858.04N\00822.90E^250/035/A=002240 !W45! id22DF153A -138fpm +0.5rot 2.0dB 1e -2.0kHz gps1x2\r\n
FLRDF153A>APRS,qAS,RHST:/160645h4857.98N\00822.62E^254/036/A=002178 !W55! id22DF153A -237fpm -0.1rot 0.8dB 0e -2.0kHz gps1x2 -2.1dBm\r\n
FLRDF153A>APRS,qAS,RHST:/160647h4857.97N\00822.59E^255/036/A=002168 !W85! id22DF153A -237fpm +0.1rot 1.8dB 0e -2.0kHz gps1x2\r\n
FLRDF153A>APRS,qAS,RHST:/160658h4857.95N\00822.43E^260/029/A=002135 !W48! id22DF153A -613fpm +0.3rot 5.0dB 0e -2.0kHz gps2x2\r\n
FLRDF153A>APRS,qAS,RHST:/160716h4857.96N\00822.17E^277/033/A=001906 !W59! id22DF153A -573fpm -1.2rot 2.2dB 3e -2.0kHz gps2x2\r\n
FLRDF153A>APRS,qAS,RHST:/160718h4857.96N\00822.15E^270/032/A=001883 !W51! id22DF153A -751fpm -1.1rot 1.5dB 1e -2.0kHz gps2x2\r\n
FLRDF153A>APRS,qAS,RHST:/160721h4857.96N\00822.10E^271/034/A=001840 !W48! id22DF153A -831fpm +1.0rot 6.0dB 0e -2.0kHz gps2x2\r\n
FLRDF153A>APRS,qAS,RHST:/160724h4857.96N\00822.06E^276/035/A=001807 !W73! id22DF153A -514fpm -0.1rot 1.0dB 10e -2.0kHz gps2x2\r\n
FLRDF153A>APRS,qAS,RHST:/160727h4857.97N\00822.01E^275/035/A=001778 !W08! id22DF153A -613fpm +0.1rot 8.5dB 0e -2.0kHz gps2x2\r\n
FLRDF153A>APRS,qAS,RHST:/160733h4857.97N\00821.92E^275/036/A=001712 !W87! id22DF153A -652fpm -0.4rot 3.0dB 0e -2.0kHz gps2x2\r\n
FLRDF153A>APRS,qAS,RHST:/160751h4857.96N\00821.65E^261/034/A=001528 !W43! id22DF153A -593fpm +0.0rot 0.0dB 3e -2.0kHz gps2x2\r\n
FLRDF153A>APRS,qAS,RHST:/160759h4857.95N\00821.53E^268/036/A=001453 !W42! id22DF153A -633fpm +0.2rot 3.8dB 0e -2.0kHz gps2x2\r\n
FLRDF153A>APRS,qAS,RHST:/160809h4857.95N\00821.37E^271/037/A=001368 !W30! id22DF153A -474fpm +0.3rot 6.8dB 0e -2.0kHz gps2x2\r\n
FLRDF153A>APRS,qAS,RHST:/160810h4857.95N\00821.35E^273/038/A=001361 !W35! id22DF153A -514fpm +0.4rot 7.5dB 0e -1.9kHz gps2x2\r\n
FLRDF153A>APRS,qAS,RHST:/160821h4857.98N\00821.17E^284/040/A=001276 !W21! id22DF153A -296fpm +0.1rot 3.0dB 5e -1.9kHz gps2x2\r\n
FLRDF153A>APRS,qAS,RHST:/160823h4857.98N\00821.13E^288/040/A=001263 !W97! id22DF153A -395fpm +1.4rot 12.5dB 0e -2.0kHz gps2x2\r\n
FLRDF153A>APRS,qAS,RHST:/160824h4857.99N\00821.12E^292/041/A=001256 !W21! id22DF153A -454fpm +1.8rot 11.0dB 0e -2.0kHz gps2x2\r\n
FLRDF153A>APRS,qAS,RHST:/160825h4857.99N\00821.10E^299/043/A=001246 !W94! id22DF153A -514fpm +2.2rot 5.5dB 0e -2.0kHz gps2x2\r\n
FLRDF153A>APRS,qAS,RHST:/160826h4858.00N\00821.08E^306/045/A=001237 !W59! id22DF153A -553fpm +2.2rot 11.8dB 0e -2.9kHz gps2x2\r\n
FLRDF153A>APRS,qAS,RHST:/160827h4858.01N\00821.07E^314/047/A=001227 !W53! id22DF153A -553fpm +2.1rot 10.8dB 0e -1.9kHz gps2x2\r\n
FLRDF153A>APRS,qAS,RHST:/160829h4858.03N\00821.04E^322/050/A=001207 !W68! id22DF153A -553fpm +1.4rot 13.0dB 0e -2.0kHz gps2x2\r\n
FLRDF153A>APRS,qAS,RHST:/160831h4858.06N\00821.02E^333/052/A=001187 !W14! id22DF153A -652fpm +1.7rot 12.0dB 0e -1.9kHz gps2x2\r\n
FLRDF153A>APRS,qAS,RHST:/160833h4858.09N\00821.01E^342/055/A=001161 !W00! id22DF153A -831fpm +2.0rot 13.5dB 0e -1.9kHz gps2x2\r\n
FLRDF153A>APRS,qAS,RHST:/160835h4858.12N\00821.00E^352/060/A=001141 !W32! id22DF153A -474fpm +1.0rot 18.0dB 0e -1.9kHz gps2x2\r\n
FLRDF153A>APRS,qAS,RHST:/160841h4858.22N\00820.99E^357/060/A=001099 !W45! id22DF153A -593fpm -0.3rot 12.0dB 0e -2.0kHz gps2x2\r\n
FLRDF153A>APRS,qAS,RHST:/160844h4858.27N\00820.99E^000/061/A=001076 !W63! id22DF153A -395fpm +1.3rot 14.0dB 0e -2.0kHz gps2x2\r\n
FLRDF153A>APRS,qAS,RHST:/160849h4858.36N\00821.00E^007/064/A=001036 !W39! id22DF153A -633fpm +0.1rot 17.5dB 0e -2.0kHz gps2x2 -2.4dBm\r\n
FLRDF153A>APRS,qAS,RHST:/160851h4858.39N\00821.01E^009/062/A=001030 !W87! id22DF153A +040fpm +0.5rot 8.8dB 3e -3.2kHz gps2x2\r\n
FLRDF153A>APRS,qAS,RHST:/160855h4858.46N\00821.03E^011/060/A=001023 !W58! id22DF153A -157fpm +0.2rot 14.0dB 0e -2.0kHz gps2x2\r\n
FLRDF153A>APRS,qAS,RHST:/160857h4858.49N\00821.05E^012/060/A=001014 !W70! id22DF153A -316fpm +0.2rot 11.0dB 0e -2.1kHz gps2x2\r\n
FLRDF153A>APRS,qAS,RHST:/160903h4858.59N\00821.08E^013/064/A=000987 !W96! id22DF153A -276fpm +0.0rot 19.0dB 0e -2.1kHz gps2x2\r\n
FLRDF153A>APRS,qAS,RHST:/160908h4858.68N\00821.11E^014/063/A=000977 !W68! id22DF153A -197fpm +0.3rot 18.0dB 0e -2.1kHz gps2x2\r\n
FLRDF153A>APRS,qAS,RHST:/160911h4858.73N\00821.14E^017/065/A=000961 !W82! id22DF153A -316fpm +0.2rot 13.2dB 0e -3.1kHz gps2x2\r\n
FLRDF153A>APRS,qAS,RHST:/160917h4858.84N\00821.18E^010/063/A=000938 !W15! id22DF153A -355fpm -0.4rot 20.0dB 0e -2.1kHz gps2x2\r\n
FLRDF153A>APRS,qAS,RHST:/160919h4858.87N\00821.19E^007/062/A=000932 !W63! id22DF153A -197fpm -1.0rot 18.8dB 0e -2.1kHz gps2x2\r\n
FLRDF153A>APRS,qAS,RHST:/160920h4858.89N\00821.19E^003/060/A=000925 !W46! id22DF153A -197fpm -2.2rot 16.5dB 0e -2.1kHz gps2x2\r\n
FLRDF153A>APRS,qAS,RHST:/160921h4858.91N\00821.19E^356/058/A=000922 !W14! id22DF153A -316fpm -2.6rot 17.0dB 0e -2.1kHz gps2x2\r\n
FLRDF153A>APRS,qAS,RHST:/160922h4858.92N\00821.18E^349/055/A=000915 !W79! id22DF153A -336fpm -2.2rot 18.5dB 0e -2.1kHz gps2x2\r\n
FLRDF153A>APRS,qAS,RHST:/160923h4858.94N\00821.18E^342/054/A=000909 !W21! id22DF153A -296fpm -2.4rot 25.5dB 0e -2.1kHz gps2x2\r\n
FLRDF153A>APRS,qAS,RHST:/160926h4858.98N\00821.14E^326/050/A=000892 !W08! id22DF153A -336fpm -1.4rot 22.0dB 0e -2.0kHz gps2x2\r\n
FLRDF153A>APRS,qAS,RHST:/160929h4859.01N\00821.10E^319/049/A=000876 !W26! id22DF153A -395fpm -0.3rot 15.8dB 0e -2.0kHz gps2x2\r\n
FLRDF153A>APRS,qAS,RHST:/160934h4859.05N\00821.03E^302/044/A=000846 !W73! id22DF153A -553fpm -1.8rot 24.0dB 0e -2.0kHz gps2x2\r\n
FLRDF153A>APRS,qAS,RHST:/160940h4859.08N\00820.93E^293/042/A=000810 !W70! id22DF153A -316fpm -0.1rot 24.5dB 0e -2.1kHz gps2x2\r\n
FLRDF153A>APRS,qAS,RHST:/160942h4859.09N\00820.89E^291/042/A=000797 !W66! id22DF153A -395fpm -0.3rot 21.8dB 0e -2.0kHz gps2x2\r\n
FLRDF153A>APRS,qAS,RHST:/160946h4859.10N\00820.82E^279/039/A=000774 !W88! id22DF153A -355fpm -1.6rot 24.2dB 0e -2.0kHz gps2x2\r\n
FLRDF153A>APRS,qAS,RHST:/160947h4859.11N\00820.81E^272/037/A=000768 !W01! id22DF153A -454fpm -2.5rot 20.8dB 0e -2.0kHz gps2x2\r\n
FLRDF153A>APRS,qAS,RHST:/160948h4859.10N\00820.79E^264/037/A=000761 !W95! id22DF153A -633fpm -2.8rot 22.5dB 0e -2.0kHz gps2x2\r\n
FLRDF153A>APRS,qAS,RHST:/160949h4859.10N\00820.77E^257/037/A=000748 !W69! id22DF153A -652fpm -2.7rot 22.5dB 0e -2.0kHz gps2x2\r\n
FLRDF153A>APRS,qAS,RHST:/160950h4859.10N\00820.76E^248/037/A=000738 !W24! id22DF153A -553fpm -2.5rot 19.0dB 0e -2.0kHz gps2x2\r\n
FLRDF153A>APRS,qAS,RHST:/160951h4859.09N\00820.74E^240/035/A=000731 !W79! id22DF153A -514fpm -2.8rot 24.2dB 0e -2.0kHz gps2x2\r\n
FLRDF153A>APRS,qAS,RHST:/160952h4859.09N\00820.73E^230/034/A=000722 !W07! id22DF153A -553fpm -2.8rot 23.5dB 0e -2.0kHz gps2x2\r\n
FLRDF153A>APRS,qAS,RHST:/160953h4859.08N\00820.72E^222/034/A=000712 !W37! id22DF153A -652fpm -2.4rot 26.2dB 0e -2.0kHz gps2x2\r\n
FLRDF153A>APRS,qAS,RHST:/160954h4859.07N\00820.71E^216/034/A=000702 !W58! id22DF153A -672fpm -2.0rot 24.8dB 0e -2.0kHz gps2x2\r\n
FLRDF153A>APRS,qAS,RHST:/160957h4859.04N\00820.69E^202/036/A=000666 !W87! id22DF153A -831fpm -1.1rot 22.8dB 0e -2.0kHz gps2x2\r\n
FLRDF153A>APRS,qAS,RHST:/160959h4859.02N\00820.68E^197/039/A=000630 !W78! id22DF153A -1167fpm -0.5rot 16.0dB 0e -2.0kHz gps2x2\r\n
FLRDF153A>APRS,qAS,RHST:/161001h4859.00N\00820.68E^195/041/A=000590 !W60! id22DF153A -1108fpm -0.1rot 21.8dB 0e -2.0kHz gps2x2\r\n
FLRDF153A>APRS,qAS,RHST:/161006h4858.94N\00820.65E^198/044/A=000502 !W74! id22DF153A -989fpm +0.5rot 14.0dB 0e -2.0kHz gps2x2\r\n
FLRDF153A>APRS,qAS,RHST:/161010h4858.89N\00820.63E^193/045/A=000443 !W84! id22DF153A -831fpm +0.6rot 19.5dB 0e -2.0kHz gps2x3\r\n
FLRDF153A>APRS,qAS,RHST:/161013h4858.86N\00820.61E^196/044/A=000397 !W18! id22DF153A -930fpm +0.4rot 27.2dB 0e -2.0kHz gps3x3\r\n
FLRDF153A>APRS,qAS,RHST:/161015h4858.83N\00820.60E^197/043/A=000377 !W77! id22DF153A -454fpm -0.1rot 18.8dB 0e -2.0kHz gps3x3\r\n
FLRDF153A>APRS,qAS,RHST:/161017h4858.81N\00820.59E^195/043/A=000371 !W47! id22DF153A -019fpm +0.1rot 11.5dB 0e -2.1kHz gps3x3\r\n
FLRDF153A>APRS,qAS,RHST:/161025h4858.71N\00820.55E^195/053/A=000367 !W33! id22DF153A +020fpm +0.0rot 19.8dB 0e -2.0kHz gps2x3\r\n
FLRDF153A>APRS,qAS,RHST:/161030h4858.63N\00820.52E^195/059/A=000374 !W60! id22DF153A -039fpm +0.1rot 20.8dB 0e -2.0kHz gps2x3\r\n
FLRDF153A>APRS,qAS,RHST:/161038h4858.50N\00820.46E^196/065/A=000371 !W14! id22DF153A +079fpm +0.1rot 27.2dB 0e -2.0kHz gps2x3\r\n
FLRDF153A>APRS,qAS,RHST:/161040h4858.46N\00820.44E^197/064/A=000377 !W69! id22DF153A +752fpm +1.1rot 24.0dB 0e -2.0kHz gps2x3\r\n
FLRDF153A>APRS,qAS,RHST:/161041h4858.44N\00820.44E^207/054/A=000397 !W81! id22DF153A +1703fpm +5.2rot 31.8dB 0e -2.0kHz gps2x3\r\n
FLRDF153A>APRS,qAS,RHST:/161042h4858.43N\00820.42E^222/048/A=000430 !W72! id22DF153A +2039fpm +5.6rot 26.8dB 0e -2.1kHz gps2x3\r\n
FLRDF153A>APRS,qAS,RHST:/161043h4858.43N\00820.40E^236/045/A=000466 !W15! id22DF153A +2079fpm +3.7rot 33.8dB 0e -2.1kHz gps2x3\r\n
FLRDF153A>APRS,qAS,RHST:/161044h4858.42N\00820.38E^246/041/A=000502 !W67! id22DF153A +1881fpm +3.3rot 32.8dB 0e -2.1kHz gps2x3\r\n
FLRDF153A>APRS,qAS,RHST:/161045h4858.42N\00820.36E^255/039/A=000531 !W49! id22DF153A +1762fpm +3.8rot 25.8dB 0e -2.1kHz gps2x3\r\n
FLRDF153A>APRS,qAS,RHST:/161046h4858.42N\00820.35E^267/037/A=000564 !W42! id22DF153A +1762fpm +3.6rot 32.8dB 0e -2.1kHz gps2x3\r\n
FLRDF153A>APRS,qAS,RHST:/161047h4858.42N\00820.33E^276/034/A=000594 !W57! id22DF153A +1841fpm +1.4rot 33.5dB 0e -2.1kHz gps2x3\r\n
FLRDF153A>APRS,qAS,RHST:/161048h4858.42N\00820.32E^277/031/A=000623 !W83! id22DF153A +1683fpm -0.6rot 34.0dB 0e -2.1kHz gps3x3\r\n
FLRDF153A>APRS,qAS,RHST:/161049h4858.42N\00820.31E^275/028/A=000649 !W81! id22DF153A +1624fpm -0.9rot 35.0dB 0e -2.1kHz gps3x3 -2.2dBm\r\n
FLRDF153A>APRS,qAS,RHST:/161050h4858.42N\00820.29E^274/026/A=000676 !W99! id22DF153A +1386fpm -0.9rot 30.5dB 0e -2.1kHz gps3x3\r\n
FLRDF153A>APRS,qAS,RHST:/161051h4858.42N\00820.28E^269/026/A=000692 !W87! id22DF153A +792fpm -0.9rot 31.5dB 0e -2.2kHz gps3x3\r\n
FLRDF153A>APRS,qAS,RHST:/161053h4858.42N\00820.26E^261/028/A=000715 !W73! id22DF153A +436fpm -1.8rot 33.5dB 0e -2.1kHz gps3x3\r\n
FLRDF153A>APRS,qAS,RHST:/161054h4858.42N\00820.25E^254/028/A=000722 !W51! id22DF153A +337fpm -2.5rot 31.0dB 0e -2.2kHz gps3x3\r\n
FLRDF153A>APRS,qAS,RHST:/161055h4858.42N\00820.24E^247/027/A=000725 !W20! id22DF153A +277fpm -2.5rot 29.8dB 0e -2.1kHz gps2x3\r\n
FLRDF153A>APRS,qAS,RHST:/161056h4858.41N\00820.22E^236/027/A=000731 !W88! id22DF153A +158fpm -4.2rot 22.5dB 0e -2.1kHz gps2x3\r\n
FLRDF153A>APRS,qAS,RHST:/161057h4858.41N\00820.21E^224/029/A=000731 !W19! id22DF153A -039fpm -5.1rot 26.8dB 0e -2.1kHz gps2x3\r\n
FLRDF153A>APRS,qAS,RHST:/161058h4858.40N\00820.21E^209/032/A=000731 !W22! id22DF153A -118fpm -4.9rot 31.2dB 0e -2.1kHz gps2x3\r\n
FLRDF153A>APRS,qAS,RHST:/161059h4858.39N\00820.20E^196/035/A=000728 !W38! id22DF153A -078fpm -4.0rot 31.2dB 0e -2.1kHz gps2x3\r\n
FLRDF153A>APRS,qAS,RHST:/161100h4858.38N\00820.20E^186/038/A=000728 !W29! id22DF153A -039fpm -4.0rot 26.2dB 0e -2.1kHz gps2x3\r\n
FLRDF153A>APRS,qAS,RHST:/161101h4858.36N\00820.21E^171/041/A=000728 !W90! id22DF153A +040fpm -3.5rot 31.2dB 0e -2.1kHz gps2x3\r\n
FLRDF153A>APRS,qAS,RHST:/161102h4858.35N\00820.21E^162/044/A=000728 !W76! id22DF153A +119fpm -3.4rot 26.5dB 0e -2.1kHz gps2x3\r\n
FLRDF153A>APRS,qAS,RHST:/161104h4858.33N\00820.23E^143/048/A=000735 !W59! id22DF153A +238fpm -2.9rot 34.2dB 0e -2.1kHz gps2x2\r\n
FLRDF153A>APRS,qAS,RHST:/161105h4858.32N\00820.25E^133/050/A=000738 !W55! id22DF153A +257fpm -2.8rot 34.5dB 0e -2.1kHz gps2x2\r\n
FLRDF153A>APRS,qAS,RHST:/161106h4858.31N\00820.27E^126/053/A=000745 !W74! id22DF153A +277fpm -2.6rot 29.8dB 0e -2.1kHz gps2x2\r\n
FLRDF153A>APRS,qAS,RHST:/161107h4858.30N\00820.29E^118/053/A=000748 !W95! id22DF153A +356fpm -2.6rot 31.2dB 0e -2.1kHz gps2x2\r\n
FLRDF153A>APRS,qAS,RHST:/161108h4858.30N\00820.31E^111/052/A=000761 !W35! id22DF153A +653fpm -1.4rot 34.8dB 0e -2.1kHz gps3x3\r\n
FLRDF153A>APRS,qAS,RHST:/161112h4858.29N\00820.40E^102/051/A=000794 !W02! id22DF153A +495fpm -0.3rot 28.8dB 0e -2.2kHz gps2x2\r\n
FLRDF153A>APRS,qAS,RHST:/161118h4858.28N\00820.53E^090/054/A=000830 !W03! id22DF153A +198fpm -1.2rot 21.5dB 0e -2.2kHz gps2x2\r\n
FLRDF153A>APRS,qAS,RHST:/161119h4858.28N\00820.55E^086/056/A=000833 !W17! id22DF153A +158fpm -2.1rot 27.8dB 0e -2.2kHz gps2x2\r\n
FLRDF153A>APRS,qAS,RHST:/161120h4858.28N\00820.58E^079/058/A=000836 !W43! id22DF153A +158fpm -2.2rot 31.0dB 0e -2.2kHz gps2x2\r\n
FLRDF153A>APRS,qAS,RHST:/161121h4858.28N\00820.60E^070/060/A=000836 !W98! id22DF153A +040fpm -2.7rot 35.8dB 0e -2.2kHz gps2x2\r\n
FLRDF153A>APRS,qAS,RHST:/161122h4858.29N\00820.63E^063/061/A=000840 !W72! id22DF153A +040fpm -2.8rot 37.2dB 0e -2.2kHz gps2x2\r\n
FLRDF153A>APRS,qAS,RHST:/161123h4858.30N\00820.65E^053/063/A=000840 !W75! id22DF153A +040fpm -2.8rot 24.5dB 0e -2.2kHz gps2x2\r\n
FLRDF153A>APRS,qAS,RHST:/161124h4858.32N\00820.67E^045/063/A=000840 !W03! id22DF153A +040fpm -2.7rot 21.8dB 0e -2.2kHz gps2x2\r\n
FLRDF153A>APRS,qAS,RHST:/161125h4858.33N\00820.69E^038/062/A=000840 !W50! id22DF153A +040fpm -2.3rot 19.8dB 0e -2.2kHz gps2x2\r\n
FLRDF153A>APRS,qAS,RHST:/161127h4858.36N\00820.71E^026/064/A=000833 !W56! id22DF153A -316fpm -1.2rot 20.5dB 0e -2.2kHz gps2x3\r\n
FLRDF153A>APRS,qAS,RHST:/161131h4858.43N\00820.75E^023/065/A=000827 !W38! id22DF153A +040fpm +0.1rot 19.8dB 0e -2.2kHz gps2x3\r\n
FLRDF153A>APRS,qAS,RHST:/161133h4858.46N\00820.78E^023/064/A=000833 !W62! id22DF153A +079fpm -0.1rot 14.0dB 0e -2.2kHz gps2x3\r\n
FLRDF153A>APRS,qAS,RHST:/161138h4858.55N\00820.83E^023/068/A=000827 !W04! id22DF153A -435fpm -0.2rot 13.8dB 0e -2.3kHz gps2x3\r\n
FLRDF153A>APRS,qAS,RHST:/161140h4858.58N\00820.85E^020/075/A=000807 !W77! id22DF153A -672fpm -0.5rot 21.5dB 0e -2.3kHz gps2x3\r\n
FLRDF153A>APRS,qAS,RHST:/161143h4858.65N\00820.88E^018/083/A=000771 !W18! id22DF153A -712fpm -0.1rot 17.2dB 0e -2.3kHz gps2x3\r\n
FLRDF153A>APRS,qAS,RHST:/161148h4858.76N\00820.94E^018/089/A=000728 !W83! id22DF153A -118fpm +0.1rot 23.5dB 0e -2.3kHz gps2x3\r\n
FLRDF153A>APRS,qAS,RHST:/161151h4858.83N\00820.97E^014/086/A=000738 !W87! id22DF153A +277fpm -0.8rot 21.8dB 0e -2.3kHz gps2x3\r\n
FLRDF153A>APRS,qAS,RHST:/161152h4858.86N\00820.98E^010/078/A=000754 !W25! id22DF153A +2099fpm -2.0rot 24.8dB 0e -2.2kHz gps2x3\r\n
FLRDF153A>APRS,qAS,RHST:/161153h4858.88N\00820.98E^004/065/A=000797 !W26! id22DF153A +3128fpm -2.1rot 25.0dB 0e -2.2kHz gps2x3\r\n
FLRDF153A>APRS,qAS,RHST:/161154h4858.89N\00820.98E^358/054/A=000850 !W84! id22DF153A +3010fpm -1.8rot 18.5dB 0e -2.2kHz gps2x3\r\n
FLRDF153A>APRS,qAS,RHST:/161155h4858.91N\00820.98E^354/048/A=000895 !W21! id22DF153A +2475fpm -1.4rot 20.5dB 0e -2.2kHz gps2x3\r\n
FLRDF153A>APRS,qAS,RHST:/161156h4858.92N\00820.97E^349/045/A=000928 !W67! id22DF153A +1723fpm -1.2rot 16.8dB 0e -2.2kHz gps2x3\r\n
FLRDF153A>APRS,qAS,RHST:/161158h4858.95N\00820.96E^342/046/A=000958 !W16! id22DF153A +079fpm -1.1rot 21.0dB 0e -2.2kHz gps2x3\r\n
FLRDF153A>APRS,qAS,RHST:/161159h4858.96N\00820.95E^340/046/A=000951 !W29! id22DF153A -870fpm -0.6rot 19.2dB 0e -2.2kHz gps2x3\r\n
FLRDF153A>APRS,qAS,RHST:/161200h4858.97N\00820.95E^338/046/A=000932 !W41! id22DF153A -1583fpm -1.0rot 14.0dB 0e -2.2kHz gps2x3\r\n
FLRDF153A>APRS,qAS,RHST:/161201h4858.98N\00820.94E^333/048/A=000899 !W73! id22DF153A -2157fpm -1.6rot 24.8dB 0e -2.2kHz gps2x3\r\n
FLRDF153A>APRS,qAS,RHST:/161202h4858.99N\00820.93E^327/050/A=000863 !W92! id22DF153A -2316fpm -2.2rot 25.2dB 0e -2.2kHz gps2x3\r\n
FLRDF153A>APRS,qAS,RHST:/161203h4859.01N\00820.91E^319/053/A=000827 !W18! id22DF153A -2078fpm -2.8rot 22.0dB 0e -2.2kHz gps2x3\r\n
FLRDF153A>APRS,qAS,RHST:/161204h4859.02N\00820.90E^311/053/A=000794 !W20! id22DF153A -1623fpm -3.2rot 16.8dB 0e -2.2kHz gps2x3\r\n
FLRDF153A>APRS,qAS,RHST:/161205h4859.03N\00820.87E^301/052/A=000771 !W09! id22DF153A -1068fpm -3.5rot 16.8dB 0e -2.2kHz gps2x3\r\n
FLRDF153A>APRS,qAS,RHST:/161206h4859.03N\00820.85E^293/050/A=000758 !W48! id22DF153A -811fpm -2.7rot 16.8dB 0e -2.2kHz gps2x3\r\n
FLRDF153A>APRS,qAS,RHST:/161207h4859.03N\00820.83E^284/047/A=000745 !W77! id22DF153A -633fpm -2.5rot 24.5dB 0e -2.2kHz gps2x3\r\n
FLRDF153A>APRS,qAS,RHST:/161208h4859.03N\00820.81E^278/046/A=000735 !W87! id22DF153A -751fpm -2.3rot 24.5dB 0e -2.1kHz gps2x3\r\n
FLRDF153A>APRS,qAS,RHST:/161209h4859.03N\00820.79E^271/045/A=000718 !W87! id22DF153A -949fpm -2.1rot 27.0dB 0e -2.2kHz gps2x3\r\n
FLRDF153A>APRS,qAS,RHST:/161210h4859.03N\00820.77E^265/044/A=000702 !W78! id22DF153A -1009fpm -1.2rot 26.8dB 0e -2.2kHz gps2x3\r\n
FLRDF153A>APRS,qAS,RHST:/161211h4859.03N\00820.75E^261/042/A=000686 !W59! id22DF153A -1187fpm -2.7rot 25.2dB 0e -2.1kHz gps2x3\r\n
FLRDF153A>APRS,qAS,RHST:/161212h4859.03N\00820.74E^252/042/A=000663 !W21! id22DF153A -1425fpm -3.0rot 19.8dB 0e -2.1kHz gps2x3\r\n
FLRDF153A>APRS,qAS,RHST:/161213h4859.02N\00820.72E^242/044/A=000636 !W64! id22DF153A -1623fpm -3.1rot 10.0dB 0e -2.1kHz gps2x3\r\n
FLRDF153A>APRS,qAS,RHST:/161214h4859.01N\00820.70E^232/045/A=000610 !W87! id22DF153A -1563fpm -3.4rot 22.0dB 0e -2.2kHz gps2x3\r\n
FLRDF153A>APRS,qAS,RHST:/161215h4859.00N\00820.69E^222/046/A=000587 !W84! id22DF153A -1444fpm -3.2rot 27.8dB 0e -2.1kHz gps2x3\r\n
FLRDF153A>APRS,qAS,RHST:/161216h4858.99N\00820.68E^213/047/A=000564 !W64! id22DF153A -1227fpm -2.4rot 25.8dB 0e -2.1kHz gps2x3\r\n
FLRDF153A>APRS,qAS,RHST:/161221h4858.93N\00820.64E^197/051/A=000459 !W17! id22DF153A -1167fpm -0.3rot 25.2dB 0e -2.1kHz gps2x3\r\n
FLRDF153A>APRS,qAS,RHST:/161223h4858.90N\00820.63E^193/051/A=000420 !W33! id22DF153A -1187fpm -0.7rot 28.5dB 0e -2.1kHz gps3x3\r\n
FLRDF153A>APRS,qAS,RHST:/161225h4858.87N\00820.62E^195/050/A=000387 !W54! id22DF153A -930fpm +0.3rot 23.8dB 0e -2.1kHz gps3x3\r\n
FLRDF153A>APRS,qAS,RHST:/161227h4858.84N\00820.61E^194/048/A=000367 !W94! id22DF153A -435fpm +0.2rot 14.2dB 0e -2.1kHz gps3x3\r\n
FLRDF153A>APRS,qAS,RHST:/161229h4858.82N\00820.60E^196/046/A=000364 !W32! id22DF153A +020fpm -0.1rot 8.8dB 0e -2.2kHz gps3x3\r\n
FLRDF153A>APRS,qAS,RHST:/161242h4858.66N\00820.53E^195/047/A=000367 !W33! id22DF153A +040fpm +0.2rot 17.8dB 0e -2.1kHz gps2x3\r\n
FLRDF153A>APRS,qAS,RHST:/161253h4858.52N\00820.47E^195/042/A=000371 !W74! id22DF153A -019fpm +0.1rot 26.5dB 0e -2.2kHz gps2x3 -2.0dBm\r\n
FLRDF153A>APRS,qAS,RHST:/161259h4858.47N\00820.45E^195/028/A=000371 !W02! id22DF153A +040fpm +1.1rot 23.5dB 0e -2.2kHz gps2x3\r\n
FLRDF153A>APRS,qAS,RHST:/161305h4858.43N\00820.42E^216/019/A=000367 !W51! id22DF153A +020fpm +0.4rot 37.8dB 0e -2.2kHz gps2x2\r\n
FLRDF153A>APRS,qAS,RHST:/161312h4858.41N\00820.39E^215/010/A=000367 !W43! id22DF153A -078fpm -0.4rot 45.5dB 0e -2.2kHz gps2x2\r\n
FLRDF153A>APRS,qAS,RHST:/161322h4858.39N\00820.37E^198/003/A=000367 !W78! id22DF153A -019fpm -1.5rot 41.5dB 0e -2.2kHz gps2x2\r\n
FLRDF153A>APRS,qAS,RHST:/161336h4858.39N\00820.37E^000/000/A=000367 !W57! id22DF153A +020fpm +0.0rot 44.5dB 0e -2.3kHz gps2x2\r\n
FLRDF153A>APRS,qAS,RHST:/161356h4858.39N\00820.37E^000/000/A=000367 !W55! id22DF153A +020fpm +0.0rot 42.5dB 0e -2.3kHz gps2x2\r\n